2019-07-26T09:39:04.258Z - normal: Load ~/.CocosCreator/settings.json
2019-07-26T09:39:04.316Z - normal: Initializing Asset Database
2019-07-26T09:39:04.318Z - normal: checking language setting...
2019-07-26T09:39:04.318Z - normal: Language: zh
2019-07-26T09:39:04.937Z - success: preview server running at http://localhost:7456
2019-07-26T09:39:05.009Z - success: protocol editor-framework registered
2019-07-26T09:39:05.009Z - success: protocol app registered
2019-07-26T09:39:05.009Z - success: protocol theme registered
2019-07-26T09:39:05.010Z - success: protocol packages registered
2019-07-26T09:39:05.010Z - success: protocol uuid registerred
2019-07-26T09:39:05.010Z - success: protocol db registerred
2019-07-26T09:39:05.013Z - success: protocol thumbnail registerred
2019-07-26T09:39:05.014Z - success: protocol unpack registerred
2019-07-26T09:39:05.014Z - success: protocol disable-commonjs registerred
2019-07-26T09:39:05.107Z - normal: connected!
2019-07-26T09:39:05.108Z - normal: Check project /Users/vincent/Desktop/GoldMiner/GoldMiner
2019-07-26T09:39:05.110Z - normal: Initializing project /Users/vincent/Desktop/GoldMiner/GoldMiner
2019-07-26T09:39:05.451Z - normal: Initializing Cocos2d
2019-07-26T09:39:06.229Z - normal: Initializing engine extends
2019-07-26T09:39:06.316Z - success: asset-db-debugger loaded
2019-07-26T09:39:06.317Z - success: baidu-adapter loaded
2019-07-26T09:39:06.319Z - success: color-picker loaded
2019-07-26T09:39:06.402Z - success: fb-audience-network loaded
2019-07-26T09:39:06.446Z - success: fb-live-stream loaded
2019-07-26T09:39:06.448Z - success: google-play-instant loaded
2019-07-26T09:39:06.453Z - success: huawei-runtime loaded
2019-07-26T09:39:06.681Z - success: cpk-publish loaded
2019-07-26T09:39:06.683Z - success: jsb-adapter loaded
2019-07-26T09:39:06.687Z - success: oppo-runtime loaded
2019-07-26T09:39:06.710Z - success: package-manager loaded
2019-07-26T09:39:06.812Z - success: qqplay-adapter loaded
2019-07-26T09:39:06.814Z - success: runtime-dev-tools loaded
2019-07-26T09:39:06.836Z - success: sdkbox loaded
2019-07-26T09:39:06.861Z - success: tester loaded
2019-07-26T09:39:06.885Z - success: ui-grid loaded
2019-07-26T09:39:06.909Z - success: ui-kit-preview-extra loaded
2019-07-26T09:39:06.933Z - success: ui-kit-preview loaded
2019-07-26T09:39:06.953Z - success: ui-kit loaded
2019-07-26T09:39:06.978Z - success: ui-tree loaded
2019-07-26T09:39:06.990Z - success: vivo-runtime loaded
2019-07-26T09:39:06.991Z - success: weapp-adapter loaded
2019-07-26T09:39:06.992Z - success: xiaomi-adapter loaded
2019-07-26T09:39:07.054Z - success: assets loaded
2019-07-26T09:39:07.078Z - success: builder loaded
2019-07-26T09:39:07.335Z - success: cocos-services loaded
2019-07-26T09:39:07.361Z - success: console loaded
2019-07-26T09:39:07.395Z - success: fb-instant-games loaded
2019-07-26T09:39:07.396Z - success: google-instant-games loaded
2019-07-26T09:39:07.418Z - success: hierarchy loaded
2019-07-26T09:39:07.443Z - success: inspector loaded
2019-07-26T09:39:07.444Z - success: keystore loaded
2019-07-26T09:39:07.469Z - success: node-library loaded
2019-07-26T09:39:07.471Z - success: package-asset loaded
2019-07-26T09:39:07.473Z - success: preferences loaded
2019-07-26T09:39:07.494Z - success: project-exporter loaded
2019-07-26T09:39:07.519Z - success: project-importer loaded
2019-07-26T09:39:07.542Z - success: project-settings loaded
2019-07-26T09:39:07.567Z - success: scene loaded
2019-07-26T09:39:07.568Z - success: simulator-debugger loaded
2019-07-26T09:39:07.569Z - success: sprite-editor loaded
2019-07-26T09:39:07.594Z - success: store loaded
2019-07-26T09:39:07.621Z - success: timeline loaded
2019-07-26T09:39:07.627Z - success: xiaomi-runtime loaded
2019-07-26T09:39:08.790Z - normal: Loading packages
2019-07-26T09:39:08.795Z - normal: Watching packages
2019-07-26T09:39:08.915Z - normal: Run Application
2019-07-26T09:39:09.232Z - info: Cocos Services load base data!
2019-07-26T09:39:33.499Z - normal: Simulator: WORKAREA WIDTH 1440.00, HEIGHT 855.00
2019-07-26T09:39:33.499Z - normal: Simulator: FRAME SCALE = 0.75
2019-07-26T09:39:33.638Z - normal: Simulator: GLFWError #65544 Happen, Cocoa: Failed to retrieve display name
2019-07-26T09:39:33.639Z - normal: Simulator: GLFWError #65544 Happen, Cocoa: Failed to retrieve display name
2019-07-26T09:39:33.639Z - normal: Simulator: 
2019-07-26T09:39:33.639Z - normal: Simulator: {
2019-07-26T09:39:33.640Z - normal: Simulator: 	build_type: DEBUG
2019-07-26T09:39:33.640Z - normal: Simulator: 	gl.vendor: Intel Inc.
2019-07-26T09:39:33.640Z - normal: Simulator: 	gl.supports_PVRTC: false
2019-07-26T09:39:33.641Z - normal: Simulator: 	gl.renderer: Intel Iris Pro OpenGL Engine
2019-07-26T09:39:33.641Z - normal: Simulator: 	gl.supports_ATITC: false
2019-07-26T09:39:33.641Z - normal: Simulator: 	gl.supports_discard_framebuffer: false
2019-07-26T09:39:33.641Z - normal: Simulator: 	gl.supports_NPOT: true
2019-07-26T09:39:33.642Z - normal: Simulator: 	gl.max_texture_units: 16
2019-07-26T09:39:33.642Z - normal: Simulator: 	gl.supports_ETC1: false
2019-07-26T09:39:33.642Z - normal: Simulator: 	gl.max_texture_size: 16384
2019-07-26T09:39:33.642Z - normal: Simulator: 	gl.supports_BGRA8888: false
2019-07-26T09:39:33.642Z - normal: Simulator: 	gl.supports_vertex_array_object: true
2019-07-26T09:39:33.643Z - normal: Simulator: 	gl.supports_OES_map_buffer: false
2019-07-26T09:39:33.643Z - normal: Simulator: 	compiled_with_gl_state_cache: true
2019-07-26T09:39:33.643Z - normal: Simulator: 	gl.supports_OES_packed_depth_stencil: false
2019-07-26T09:39:33.643Z - normal: Simulator: 	gl.version: 2.1 INTEL-12.10.12
2019-07-26T09:39:33.643Z - normal: Simulator: 	gl.supports_S3TC: true
2019-07-26T09:39:33.643Z - normal: Simulator: 	compiled_with_profiler: false
2019-07-26T09:39:33.644Z - normal: Simulator: 	gl.supports_OES_depth24: false
2019-07-26T09:39:33.644Z - normal: Simulator: }
2019-07-26T09:39:33.690Z - normal: Simulator: Project Config:
2019-07-26T09:39:33.691Z - normal: Simulator:     project dir: /Applications/CocosCreator.app/Contents/Resources/cocos2d-x/simulator/mac/Simulator.app/Contents/Resources/
2019-07-26T09:39:33.691Z - normal: Simulator:     writable path: $(PROJDIR)/
2019-07-26T09:39:33.691Z - normal: Simulator:     script file: $(PROJDIR)/main.js
2019-07-26T09:39:33.691Z - normal: Simulator:     frame size: 1920 x 1080
2019-07-26T09:39:33.692Z - normal: Simulator:     frame scale: 0.75
2019-07-26T09:39:33.692Z - normal: Simulator:     show console: NO
2019-07-26T09:39:33.693Z - normal: Simulator:     write debug log: NO ()
2019-07-26T09:39:33.693Z - normal: Simulator:     listen: 
2019-07-26T09:39:33.693Z - normal: Simulator:     debugger: none
2019-07-26T09:39:33.693Z - normal: Simulator:     add searching path:
2019-07-26T09:39:33.693Z - normal: Simulator: resetDesignResolution request
2019-07-26T09:39:33.693Z - normal: Simulator: ------------------------------------------------
2019-07-26T09:39:33.694Z - normal: Simulator: LOAD Js FILE: jsb-adapter/jsb-builtin.js
2019-07-26T09:39:33.694Z - normal: Simulator: ------------------------------------------------
2019-07-26T09:39:33.694Z - normal: Simulator: Initializing V8, version: 6.5.254.43
2019-07-26T09:39:33.700Z - normal: Simulator: libuv version: 1.23.1-dev
2019-07-26T09:39:33.754Z - normal: Simulator: Debugger listening..., visit [ chrome-devtools://devtools/bundled/inspector.html?v8only=true&ws=0.0.0.0:5086/00010002-0003-4004-8005-000600070008 ] in chrome browser to debug!
2019-07-26T09:39:33.755Z - normal: Simulator: For help see https://nodejs.org/en/docs/inspector
2019-07-26T09:39:33.828Z - normal: Simulator: JS: Enable batch GL commands optimization!
2019-07-26T09:39:33.829Z - normal: Simulator: resetDesignResolution request
2019-07-26T09:39:33.829Z - normal: Simulator: ------------------------------------------------
2019-07-26T09:39:33.829Z - normal: Simulator: LOAD Js FILE: main.js
2019-07-26T09:39:33.829Z - normal: Simulator: ------------------------------------------------
2019-07-26T09:39:34.187Z - normal: Simulator: iShow!
2019-07-26T09:39:34.381Z - normal: Simulator: glGetIntegerv: pname: 0x8b4c
2019-07-26T09:39:34.391Z - normal: Simulator: JS: Cocos Creator v2.0.10
2019-07-26T09:39:51.142Z - normal: Simulator: ScriptEngine::cleanup begin ...
2019-07-26T09:39:51.144Z - normal: Simulator: GC begin ..., (js->native map) size: 58, all objects: 142
2019-07-26T09:39:51.183Z - normal: Simulator: GC end ..., (js->native map) size: 58, all objects: 142
2019-07-26T09:39:51.183Z - normal: Simulator: GC begin ..., (js->native map) size: 58, all objects: 142
2019-07-26T09:39:51.217Z - normal: Simulator: GC end ..., (js->native map) size: 58, all objects: 142
2019-07-26T09:39:51.218Z - normal: Simulator: Destroy WebGLProgram (3) by GC
2019-07-26T09:39:51.218Z - normal: Simulator: Destroy WebGLBuffer (5) by GC
2019-07-26T09:39:51.218Z - normal: Simulator: Destroy WebGLTexture (33) by GC
2019-07-26T09:39:51.219Z - normal: Simulator: Destroy WebGLTexture (32) by GC
2019-07-26T09:39:51.219Z - normal: Simulator: Destroy WebGLTexture (30) by GC
2019-07-26T09:39:51.220Z - normal: Simulator: Destroy WebGLBuffer (6) by GC
2019-07-26T09:39:51.222Z - normal: Simulator: Destroy WebGLTexture (26) by GC
2019-07-26T09:39:51.224Z - normal: Simulator: Destroy WebGLTexture (25) by GC
2019-07-26T09:39:51.225Z - normal: Simulator: Destroy WebGLTexture (24) by GC
2019-07-26T09:39:51.225Z - normal: Simulator: Destroy WebGLTexture (22) by GC
2019-07-26T09:39:51.226Z - normal: Simulator: Destroy WebGLTexture (1) by GC
2019-07-26T09:39:51.226Z - normal: Simulator: Destroy WebGLTexture (21) by GC
2019-07-26T09:39:51.226Z - normal: Simulator: Destroy WebGLTexture (19) by GC
2019-07-26T09:39:51.233Z - normal: Simulator: Destroy WebGLTexture (13) by GC
2019-07-26T09:39:51.234Z - normal: Simulator: Destroy WebGLTexture (17) by GC
2019-07-26T09:39:51.234Z - normal: Simulator: Destroy WebGLTexture (16) by GC
2019-07-26T09:39:51.234Z - normal: Simulator: Destroy WebGLTexture (15) by GC
2019-07-26T09:39:51.235Z - normal: Simulator: Destroy WebGLTexture (14) by GC
2019-07-26T09:39:51.235Z - normal: Simulator: Destroy WebGLTexture (10) by GC
2019-07-26T09:39:51.235Z - normal: Simulator: Destroy WebGLTexture (11) by GC
2019-07-26T09:39:51.236Z - normal: Simulator: Destroy WebGLTexture (18) by GC
2019-07-26T09:39:51.237Z - normal: Simulator: Destroy WebGLTexture (8) by GC
2019-07-26T09:39:51.237Z - normal: Simulator: Destroy WebGLBuffer (2) by GC
2019-07-26T09:39:51.237Z - normal: Simulator: Destroy WebGLBuffer (1) by GC
2019-07-26T09:39:51.238Z - normal: Simulator: Destroy WebGLTexture (7) by GC
2019-07-26T09:39:51.238Z - normal: Simulator: Destroy WebGLTexture (20) by GC
2019-07-26T09:39:51.239Z - normal: Simulator: Destroy WebGLTexture (5) by GC
2019-07-26T09:39:51.239Z - normal: Simulator: Destroy WebGLTexture (9) by GC
2019-07-26T09:39:51.258Z - normal: Simulator: Destroy WebGLTexture (23) by GC
2019-07-26T09:39:51.258Z - normal: Simulator: Destroy WebGLTexture (4) by GC
2019-07-26T09:39:51.258Z - normal: Simulator: Destroy WebGLTexture (29) by GC
2019-07-26T09:39:51.259Z - normal: Simulator: Destroy WebGLTexture (31) by GC
2019-07-26T09:39:51.259Z - normal: Simulator: Destroy WebGLTexture (2) by GC
2019-07-26T09:39:51.259Z - normal: Simulator: Destroy WebGLTexture (28) by GC
2019-07-26T09:39:51.260Z - normal: Simulator: Destroy WebGLTexture (27) by GC
2019-07-26T09:39:51.260Z - normal: Simulator: Destroy WebGLTexture (6) by GC
2019-07-26T09:39:51.260Z - normal: Simulator: Destroy WebGLBuffer (4) by GC
2019-07-26T09:39:51.261Z - normal: Simulator: Destroy WebGLProgram (6) by GC
2019-07-26T09:39:51.262Z - normal: Simulator: Destroy WebGLTexture (3) by GC
2019-07-26T09:39:51.263Z - normal: Simulator: Destroy WebGLBuffer (3) by GC
2019-07-26T09:39:51.264Z - normal: Simulator: Destroy WebGLTexture (12) by GC
2019-07-26T09:39:51.264Z - normal: Simulator: GC begin ..., (js->native map) size: 0, all objects: 0
2019-07-26T09:39:51.271Z - normal: Simulator: GC end ..., (js->native map) size: 0, all objects: 0
2019-07-26T09:39:51.324Z - normal: Simulator: ScriptEngine::cleanup end ...
2019-07-26T10:00:29.896Z - normal: Simulator: WORKAREA WIDTH 1440.00, HEIGHT 855.00
2019-07-26T10:00:29.898Z - normal: Simulator: FRAME SCALE = 0.75
2019-07-26T10:00:30.002Z - normal: Simulator: GLFWError #65544 Happen, Cocoa: Failed to retrieve display name
2019-07-26T10:00:30.038Z - normal: Simulator: GLFWError #65544 Happen, Cocoa: Failed to retrieve display name
2019-07-26T10:00:30.039Z - normal: Simulator: 
2019-07-26T10:00:30.039Z - normal: Simulator: {
2019-07-26T10:00:30.039Z - normal: Simulator: 	build_type: DEBUG
2019-07-26T10:00:30.039Z - normal: Simulator: 	gl.vendor: Intel Inc.
2019-07-26T10:00:30.039Z - normal: Simulator: 	gl.supports_PVRTC: false
2019-07-26T10:00:30.040Z - normal: Simulator: 	gl.renderer: Intel Iris Pro OpenGL Engine
2019-07-26T10:00:30.040Z - normal: Simulator: 	gl.supports_ATITC: false
2019-07-26T10:00:30.040Z - normal: Simulator: 	gl.supports_discard_framebuffer: false
2019-07-26T10:00:30.040Z - normal: Simulator: 	gl.supports_NPOT: true
2019-07-26T10:00:30.040Z - normal: Simulator: 	gl.max_texture_units: 16
2019-07-26T10:00:30.041Z - normal: Simulator: 	gl.supports_ETC1: false
2019-07-26T10:00:30.041Z - normal: Simulator: 	gl.max_texture_size: 16384
2019-07-26T10:00:30.041Z - normal: Simulator: 	gl.supports_BGRA8888: false
2019-07-26T10:00:30.041Z - normal: Simulator: 	gl.supports_vertex_array_object: true
2019-07-26T10:00:30.041Z - normal: Simulator: 	gl.supports_OES_map_buffer: false
2019-07-26T10:00:30.042Z - normal: Simulator: 	compiled_with_gl_state_cache: true
2019-07-26T10:00:30.042Z - normal: Simulator: 	gl.supports_OES_packed_depth_stencil: false
2019-07-26T10:00:30.042Z - normal: Simulator: 	gl.version: 2.1 INTEL-12.10.12
2019-07-26T10:00:30.042Z - normal: Simulator: 	gl.supports_S3TC: true
2019-07-26T10:00:30.043Z - normal: Simulator: 	compiled_with_profiler: false
2019-07-26T10:00:30.043Z - normal: Simulator: 	gl.supports_OES_depth24: false
2019-07-26T10:00:30.043Z - normal: Simulator: }
2019-07-26T10:00:30.074Z - normal: Simulator: Project Config:
2019-07-26T10:00:30.075Z - normal: Simulator:     project dir: /Applications/CocosCreator.app/Contents/Resources/cocos2d-x/simulator/mac/Simulator.app/Contents/Resources/
2019-07-26T10:00:30.075Z - normal: Simulator:     writable path: $(PROJDIR)/
2019-07-26T10:00:30.075Z - normal: Simulator:     script file: $(PROJDIR)/main.js
2019-07-26T10:00:30.075Z - normal: Simulator:     frame size: 1920 x 1080
2019-07-26T10:00:30.076Z - normal: Simulator:     frame scale: 0.75
2019-07-26T10:00:30.077Z - normal: Simulator:     show console: NO
2019-07-26T10:00:30.077Z - normal: Simulator:     write debug log: NO ()
2019-07-26T10:00:30.077Z - normal: Simulator:     listen: 
2019-07-26T10:00:30.077Z - normal: Simulator:     debugger: none
2019-07-26T10:00:30.078Z - normal: Simulator:     add searching path:
2019-07-26T10:00:30.078Z - normal: Simulator: resetDesignResolution request
2019-07-26T10:00:30.078Z - normal: Simulator: ------------------------------------------------
2019-07-26T10:00:30.078Z - normal: Simulator: LOAD Js FILE: jsb-adapter/jsb-builtin.js
2019-07-26T10:00:30.079Z - normal: Simulator: ------------------------------------------------
2019-07-26T10:00:30.079Z - normal: Simulator: Initializing V8, version: 6.5.254.43
2019-07-26T10:00:30.079Z - normal: Simulator: libuv version: 1.23.1-dev
2019-07-26T10:00:30.079Z - normal: Simulator: Debugger listening..., visit [ chrome-devtools://devtools/bundled/inspector.html?v8only=true&ws=0.0.0.0:5086/00010002-0003-4004-8005-000600070008 ] in chrome browser to debug!
2019-07-26T10:00:30.080Z - normal: Simulator: For help see https://nodejs.org/en/docs/inspector
2019-07-26T10:00:30.137Z - normal: Simulator: JS: Enable batch GL commands optimization!
2019-07-26T10:00:30.137Z - normal: Simulator: resetDesignResolution request
2019-07-26T10:00:30.138Z - normal: Simulator: ------------------------------------------------
2019-07-26T10:00:30.138Z - normal: Simulator: LOAD Js FILE: main.js
2019-07-26T10:00:30.139Z - normal: Simulator: ------------------------------------------------
2019-07-26T10:00:30.464Z - normal: Simulator: iShow!
2019-07-26T10:00:30.667Z - normal: Simulator: glGetIntegerv: pname: 0x8b4c
2019-07-26T10:00:30.679Z - normal: Simulator: JS: Cocos Creator v2.0.10
2019-07-26T10:00:37.168Z - normal: Simulator: ScriptEngine::cleanup begin ...
2019-07-26T10:00:37.169Z - normal: Simulator: GC begin ..., (js->native map) size: 49, all objects: 135
2019-07-26T10:00:37.206Z - normal: Simulator: GC end ..., (js->native map) size: 49, all objects: 135
2019-07-26T10:00:37.206Z - normal: Simulator: GC begin ..., (js->native map) size: 49, all objects: 135
2019-07-26T10:00:37.246Z - normal: Simulator: GC end ..., (js->native map) size: 49, all objects: 135
2019-07-26T10:00:37.246Z - normal: Simulator: Destroy WebGLTexture (11) by GC
2019-07-26T10:00:37.246Z - normal: Simulator: Destroy WebGLTexture (20) by GC
2019-07-26T10:00:37.247Z - normal: Simulator: Destroy WebGLProgram (3) by GC
2019-07-26T10:00:37.247Z - normal: Simulator: Destroy WebGLTexture (8) by GC
2019-07-26T10:00:37.247Z - normal: Simulator: Destroy WebGLTexture (21) by GC
2019-07-26T10:00:37.247Z - normal: Simulator: Destroy WebGLTexture (12) by GC
2019-07-26T10:00:37.247Z - normal: Simulator: Destroy WebGLTexture (19) by GC
2019-07-26T10:00:37.248Z - normal: Simulator: Destroy WebGLProgram (6) by GC
2019-07-26T10:00:37.249Z - normal: Simulator: Destroy WebGLTexture (14) by GC
2019-07-26T10:00:37.249Z - normal: Simulator: Destroy WebGLBuffer (6) by GC
2019-07-26T10:00:37.249Z - normal: Simulator: Destroy WebGLTexture (17) by GC
2019-07-26T10:00:37.250Z - normal: Simulator: Destroy WebGLTexture (15) by GC
2019-07-26T10:00:37.250Z - normal: Simulator: Destroy WebGLTexture (13) by GC
2019-07-26T10:00:37.250Z - normal: Simulator: Destroy WebGLTexture (2) by GC
2019-07-26T10:00:37.250Z - normal: Simulator: Destroy WebGLBuffer (5) by GC
2019-07-26T10:00:37.251Z - normal: Simulator: Destroy WebGLTexture (10) by GC
2019-07-26T10:00:37.251Z - normal: Simulator: Destroy WebGLTexture (9) by GC
2019-07-26T10:00:37.251Z - normal: Simulator: Destroy WebGLTexture (7) by GC
2019-07-26T10:00:37.251Z - normal: Simulator: Destroy WebGLTexture (5) by GC
2019-07-26T10:00:37.252Z - normal: Simulator: Destroy WebGLTexture (4) by GC
2019-07-26T10:00:37.252Z - normal: Simulator: Destroy WebGLTexture (1) by GC
2019-07-26T10:00:37.252Z - normal: Simulator: Destroy WebGLBuffer (4) by GC
2019-07-26T10:00:37.252Z - normal: Simulator: Destroy WebGLTexture (18) by GC
2019-07-26T10:00:37.253Z - normal: Simulator: Destroy WebGLTexture (6) by GC
2019-07-26T10:00:37.253Z - normal: Simulator: Destroy WebGLBuffer (1) by GC
2019-07-26T10:00:37.253Z - normal: Simulator: Destroy WebGLBuffer (3) by GC
2019-07-26T10:00:37.253Z - normal: Simulator: Destroy WebGLTexture (22) by GC
2019-07-26T10:00:37.253Z - normal: Simulator: Destroy WebGLTexture (16) by GC
2019-07-26T10:00:37.254Z - normal: Simulator: Destroy WebGLBuffer (2) by GC
2019-07-26T10:00:37.254Z - normal: Simulator: Destroy WebGLTexture (3) by GC
2019-07-26T10:00:37.254Z - normal: Simulator: GC begin ..., (js->native map) size: 0, all objects: 0
2019-07-26T10:00:37.285Z - normal: Simulator: GC end ..., (js->native map) size: 0, all objects: 0
2019-07-26T10:00:37.286Z - normal: Simulator: ScriptEngine::cleanup end ...
