2019-07-25T07:22:09.594Z - normal: Load ~/.CocosCreator/settings.json
2019-07-25T07:22:09.647Z - normal: Initializing Asset Database
2019-07-25T07:22:09.649Z - normal: checking language setting...
2019-07-25T07:22:09.650Z - normal: Language: zh
2019-07-25T07:22:10.163Z - success: preview server running at http://localhost:7456
2019-07-25T07:22:10.218Z - success: protocol editor-framework registered
2019-07-25T07:22:10.218Z - success: protocol app registered
2019-07-25T07:22:10.218Z - success: protocol theme registered
2019-07-25T07:22:10.218Z - success: protocol packages registered
2019-07-25T07:22:10.219Z - success: protocol uuid registerred
2019-07-25T07:22:10.219Z - success: protocol db registerred
2019-07-25T07:22:10.219Z - success: protocol thumbnail registerred
2019-07-25T07:22:10.219Z - success: protocol unpack registerred
2019-07-25T07:22:10.219Z - success: protocol disable-commonjs registerred
2019-07-25T07:22:10.339Z - normal: connected!
2019-07-25T07:22:10.342Z - normal: Check project /Users/vincent/code/GoldMiner/GoldMinder
2019-07-25T07:22:10.344Z - normal: Initializing project /Users/vincent/code/GoldMiner/GoldMinder
2019-07-25T07:22:10.615Z - normal: Initializing Cocos2d
2019-07-25T07:22:11.197Z - normal: Initializing engine extends
2019-07-25T07:22:11.260Z - success: asset-db-debugger loaded
2019-07-25T07:22:11.261Z - success: baidu-adapter loaded
2019-07-25T07:22:11.261Z - success: color-picker loaded
2019-07-25T07:22:11.328Z - success: fb-audience-network loaded
2019-07-25T07:22:11.361Z - success: fb-live-stream loaded
2019-07-25T07:22:11.363Z - success: google-play-instant loaded
2019-07-25T07:22:11.366Z - success: huawei-runtime loaded
2019-07-25T07:22:11.540Z - success: cpk-publish loaded
2019-07-25T07:22:11.542Z - success: jsb-adapter loaded
2019-07-25T07:22:11.545Z - success: oppo-runtime loaded
2019-07-25T07:22:11.559Z - success: package-manager loaded
2019-07-25T07:22:11.636Z - success: qqplay-adapter loaded
2019-07-25T07:22:11.637Z - success: runtime-dev-tools loaded
2019-07-25T07:22:11.653Z - success: sdkbox loaded
2019-07-25T07:22:11.668Z - success: tester loaded
2019-07-25T07:22:11.685Z - success: ui-grid loaded
2019-07-25T07:22:11.701Z - success: ui-kit-preview-extra loaded
2019-07-25T07:22:11.729Z - success: ui-kit-preview loaded
2019-07-25T07:22:11.748Z - success: ui-kit loaded
2019-07-25T07:22:11.764Z - success: ui-tree loaded
2019-07-25T07:22:11.768Z - success: vivo-runtime loaded
2019-07-25T07:22:11.768Z - success: weapp-adapter loaded
2019-07-25T07:22:11.769Z - success: xiaomi-adapter loaded
2019-07-25T07:22:11.819Z - success: assets loaded
2019-07-25T07:22:11.835Z - success: builder loaded
2019-07-25T07:22:12.043Z - success: cocos-services loaded
2019-07-25T07:22:12.060Z - success: console loaded
2019-07-25T07:22:12.088Z - success: fb-instant-games loaded
2019-07-25T07:22:12.095Z - success: google-instant-games loaded
2019-07-25T07:22:12.110Z - success: hierarchy loaded
2019-07-25T07:22:12.129Z - success: inspector loaded
2019-07-25T07:22:12.130Z - success: keystore loaded
2019-07-25T07:22:12.145Z - success: node-library loaded
2019-07-25T07:22:12.146Z - success: package-asset loaded
2019-07-25T07:22:12.147Z - success: preferences loaded
2019-07-25T07:22:12.163Z - success: project-exporter loaded
2019-07-25T07:22:12.185Z - success: project-importer loaded
2019-07-25T07:22:12.201Z - success: project-settings loaded
2019-07-25T07:22:12.250Z - success: scene loaded
2019-07-25T07:22:12.251Z - success: simulator-debugger loaded
2019-07-25T07:22:12.251Z - success: sprite-editor loaded
2019-07-25T07:22:12.268Z - success: store loaded
2019-07-25T07:22:12.285Z - success: timeline loaded
2019-07-25T07:22:12.289Z - success: xiaomi-runtime loaded
2019-07-25T07:22:13.155Z - normal: Loading packages
2019-07-25T07:22:13.160Z - normal: Watching packages
2019-07-25T07:22:13.256Z - normal: Run Application
2019-07-25T07:22:13.488Z - info: Cocos Services load base data!
2019-07-25T07:22:37.963Z - normal: Start building with options : {
  "actualPlatform": "wechatgame",
  "android-instant": {
    "REMOTE_SERVER_ROOT": "",
    "host": "",
    "pathPattern": "",
    "recordPath": "",
    "scheme": "https",
    "skipRecord": false
  },
  "apiLevel": "",
  "appABIs": [],
  "appBundle": false,
  "baidugame": {
    "REMOTE_SERVER_ROOT": "",
    "appid": "testappid",
    "orientation": "portrait",
    "subContext": ""
  },
  "buildPath": "/Users/vincent/code/GoldMiner/GoldMinder/build",
  "debug": false,
  "dest": "/Users/vincent/code/GoldMiner/GoldMinder/build/wechatgame",
  "embedWebDebugger": false,
  "encryptJs": true,
  "excludeScenes": [],
  "excludedModules": [],
  "fb-instant-games": {},
  "includeSDKBox": false,
  "inlineSpriteFrames": true,
  "inlineSpriteFrames_native": true,
  "md5Cache": true,
  "mergeStartScene": false,
  "optimizeHotUpdate": false,
  "orientation": {
    "landscapeLeft": true,
    "landscapeRight": true,
    "portrait": false,
    "upsideDown": false
  },
  "packageName": "org.cocos2d.GoldMiner",
  "platform": "wechatgame",
  "previewHeight": "720",
  "previewWidth": "1280",
  "qqplay": {
    "REMOTE_SERVER_ROOT": "",
    "orientation": "portrait",
    "zip": false
  },
  "scenes": [
    "c86bc7a5-ef98-4481-94b5-f1123d78749f",
    "873b99e6-309d-4d86-af57-c10a1f967080",
    "8a90e415-b26e-47d2-a4c0-a6021c0c1d84",
    "ffb70ef1-991b-4c55-bf0a-12763b657c47",
    "dd826901-d60f-437a-81d8-aba3756d45c8",
    "1f086e9a-44a0-4969-9f4d-5a97061892c2",
    "aa95d830-ad14-4a48-86c8-dc4263001be3",
    "009de718-30fe-4deb-a729-a05aab6525f9",
    "5b096439-58c4-4cf8-b8a9-8625e1d3101d",
    "dfc016d6-1287-4c20-a7aa-38512e4ed1c1",
    "001a278f-e556-471e-b288-70833c05c3bc",
    "186ded98-7bc2-4102-a47b-fa9c863a9489",
    "991f5506-c7db-4853-b991-6dc1e6e2a091",
    "59334db5-9391-4ff9-bf48-0abe670d58ca",
    "c4c357e2-3461-4c07-aa5c-f3fe4914a4d1",
    "5e3b6d1f-adda-49ad-9718-67ddda578fb8"
  ],
  "sourceMaps": false,
  "startScene": "c86bc7a5-ef98-4481-94b5-f1123d78749f",
  "template": "link",
  "title": "GoldMiner",
  "useDebugKeystore": true,
  "vsVersion": "auto",
  "webOrientation": "auto",
  "wechatgame": {
    "REMOTE_SERVER_ROOT": "",
    "appid": "wx3839d1aa1c54d567",
    "orientation": "landscapeRight",
    "separate_engine": false,
    "subContext": "subdomain"
  },
  "xxteaKey": "b4afd356-9b81-48",
  "zipCompressJs": true,
  "project": "/Users/vincent/code/GoldMiner/GoldMinder",
  "projectName": "GoldMiner",
  "debugBuildWorker": false
}
2019-07-25T07:22:37.965Z - normal: Building /Users/vincent/code/GoldMiner/GoldMinder
2019-07-25T07:22:37.965Z - normal: Destination /Users/vincent/code/GoldMiner/GoldMinder/build/wechatgame
2019-07-25T07:22:38.038Z - normal: Delete /Users/vincent/code/GoldMiner/GoldMinder/build/wechatgame/subpackages/**/*,/Users/vincent/code/GoldMiner/GoldMinder/build/wechatgame/**/*,!/Users/vincent/code/GoldMiner/GoldMinder/build/wechatgame/subdomain,!/Users/vincent/code/GoldMiner/GoldMinder/build/wechatgame/subdomain/**/*
2019-07-25T07:22:39.972Z - normal: Start building assets
2019-07-25T07:22:39.972Z - normal: Start spawn build-worker
2019-07-25T07:22:40.509Z - normal: Finish spawn build-worker
2019-07-25T07:22:40.509Z - normal: Start init build-worker
2019-07-25T07:22:42.939Z - normal: Finish init build-worker
2019-07-25T07:22:42.939Z - normal: Start build-assets in worker
2019-07-25T07:22:43.441Z - normal: Finish build-assets in worker
2019-07-25T07:22:43.444Z - normal: Finish building assets
2019-07-25T07:22:43.457Z - normal: Start building plugin scripts
2019-07-25T07:22:43.495Z - normal: Generating main.js from /Applications/CocosCreator.app/Contents/Resources/static/build-templates/shares/main.js
2019-07-25T07:22:44.628Z - normal: Built to "/Users/vincent/code/GoldMiner/GoldMinder/build/wechatgame" successfully
2019-07-25T07:22:53.467Z - normal: Initializing...

2019-07-25T07:22:53.480Z - normal: idePortFile: /Users/vincent/Library/Application Support/微信开发者工具/Default/.ide

2019-07-25T07:22:53.505Z - normal: IDE server has started, listening on http://127.0.0.1:61726

2019-07-25T07:22:53.506Z - normal: initialization finished

2019-07-25T07:22:54.251Z - normal: open IDE success

2019-07-25T07:25:00.734Z - normal: Simulator: WORKAREA WIDTH 1920.00, HEIGHT 966.00
2019-07-25T07:25:00.736Z - normal: Simulator: FRAME SCALE = 0.75
2019-07-25T07:25:00.857Z - normal: Simulator: GLFWError #65544 Happen, Cocoa: Failed to retrieve display name
2019-07-25T07:25:00.857Z - normal: Simulator: GLFWError #65544 Happen, Cocoa: Failed to retrieve display name
2019-07-25T07:25:00.858Z - normal: Simulator: 
2019-07-25T07:25:00.858Z - normal: Simulator: {
2019-07-25T07:25:00.858Z - normal: Simulator: 	build_type: DEBUG
2019-07-25T07:25:00.858Z - normal: Simulator: 	gl.vendor: Intel Inc.
2019-07-25T07:25:00.859Z - normal: Simulator: 	gl.supports_PVRTC: false
2019-07-25T07:25:00.859Z - normal: Simulator: 	gl.renderer: Intel(R) Iris(TM) Plus Graphics 655
2019-07-25T07:25:00.860Z - normal: Simulator: 	gl.supports_ATITC: false
2019-07-25T07:25:00.860Z - normal: Simulator: 	gl.supports_discard_framebuffer: false
2019-07-25T07:25:00.860Z - normal: Simulator: 	gl.supports_NPOT: true
2019-07-25T07:25:00.860Z - normal: Simulator: 	gl.max_texture_units: 16
2019-07-25T07:25:00.861Z - normal: Simulator: 	gl.supports_ETC1: false
2019-07-25T07:25:00.861Z - normal: Simulator: 	gl.max_texture_size: 16384
2019-07-25T07:25:00.862Z - normal: Simulator: 	gl.supports_BGRA8888: false
2019-07-25T07:25:00.862Z - normal: Simulator: 	gl.supports_vertex_array_object: true
2019-07-25T07:25:00.862Z - normal: Simulator: 	gl.supports_OES_map_buffer: false
2019-07-25T07:25:00.862Z - normal: Simulator: 	compiled_with_gl_state_cache: true
2019-07-25T07:25:00.863Z - normal: Simulator: 	gl.supports_OES_packed_depth_stencil: false
2019-07-25T07:25:00.863Z - normal: Simulator: 	gl.version: 2.1 INTEL-12.9.22
2019-07-25T07:25:00.863Z - normal: Simulator: 	gl.supports_S3TC: true
2019-07-25T07:25:00.863Z - normal: Simulator: 	compiled_with_profiler: false
2019-07-25T07:25:00.863Z - normal: Simulator: 	gl.supports_OES_depth24: false
2019-07-25T07:25:00.863Z - normal: Simulator: }
2019-07-25T07:25:00.911Z - normal: Simulator: Project Config:
2019-07-25T07:25:00.911Z - normal: Simulator:     project dir: /Applications/CocosCreator.app/Contents/Resources/cocos2d-x/simulator/mac/Simulator.app/Contents/Resources/
2019-07-25T07:25:00.911Z - normal: Simulator:     writable path: $(PROJDIR)/
2019-07-25T07:25:00.911Z - normal: Simulator:     script file: $(PROJDIR)/main.js
2019-07-25T07:25:00.912Z - normal: Simulator:     frame size: 1920 x 1080
2019-07-25T07:25:00.912Z - normal: Simulator:     frame scale: 0.75
2019-07-25T07:25:00.912Z - normal: Simulator:     show console: NO
2019-07-25T07:25:00.912Z - normal: Simulator:     write debug log: NO ()
2019-07-25T07:25:00.912Z - normal: Simulator:     listen: 
2019-07-25T07:25:00.913Z - normal: Simulator:     debugger: none
2019-07-25T07:25:00.913Z - normal: Simulator:     add searching path:
2019-07-25T07:25:00.913Z - normal: Simulator: resetDesignResolution request
2019-07-25T07:25:00.913Z - normal: Simulator: ------------------------------------------------
2019-07-25T07:25:00.913Z - normal: Simulator: LOAD Js FILE: jsb-adapter/jsb-builtin.js
2019-07-25T07:25:00.913Z - normal: Simulator: ------------------------------------------------
2019-07-25T07:25:00.914Z - normal: Simulator: Initializing V8, version: 6.5.254.43
2019-07-25T07:25:00.929Z - normal: Simulator: libuv version: 1.23.1-dev
2019-07-25T07:25:00.929Z - normal: Simulator: Debugger listening..., visit [ chrome-devtools://devtools/bundled/inspector.html?v8only=true&ws=0.0.0.0:5086/00010002-0003-4004-8005-000600070008 ] in chrome browser to debug!
2019-07-25T07:25:00.930Z - normal: Simulator: For help see https://nodejs.org/en/docs/inspector
2019-07-25T07:25:01.040Z - normal: Simulator: JS: Enable batch GL commands optimization!
2019-07-25T07:25:01.041Z - normal: Simulator: resetDesignResolution request
2019-07-25T07:25:01.042Z - normal: Simulator: ------------------------------------------------
2019-07-25T07:25:01.042Z - normal: Simulator: LOAD Js FILE: main.js
2019-07-25T07:25:01.043Z - normal: Simulator: ------------------------------------------------
2019-07-25T07:25:01.344Z - normal: Simulator: iShow!
2019-07-25T07:25:01.539Z - normal: Simulator: glGetIntegerv: pname: 0x8b4c
2019-07-25T07:25:01.549Z - normal: Simulator: JS: Cocos Creator v2.0.10
2019-07-25T07:25:04.014Z - normal: Simulator: ScriptEngine::cleanup begin ...
2019-07-25T07:25:04.014Z - normal: Simulator: GC begin ..., (js->native map) size: 49, all objects: 135
2019-07-25T07:25:04.047Z - normal: Simulator: GC end ..., (js->native map) size: 49, all objects: 135
2019-07-25T07:25:04.047Z - normal: Simulator: GC begin ..., (js->native map) size: 49, all objects: 135
2019-07-25T07:25:04.071Z - normal: Simulator: GC end ..., (js->native map) size: 49, all objects: 135
2019-07-25T07:25:04.071Z - normal: Simulator: Destroy WebGLProgram (6) by GC
2019-07-25T07:25:04.072Z - normal: Simulator: Destroy WebGLBuffer (2) by GC
2019-07-25T07:25:04.072Z - normal: Simulator: Destroy WebGLTexture (22) by GC
2019-07-25T07:25:04.072Z - normal: Simulator: Destroy WebGLTexture (20) by GC
2019-07-25T07:25:04.072Z - normal: Simulator: Destroy WebGLTexture (11) by GC
2019-07-25T07:25:04.073Z - normal: Simulator: Destroy WebGLTexture (17) by GC
2019-07-25T07:25:04.073Z - normal: Simulator: Destroy WebGLTexture (18) by GC
2019-07-25T07:25:04.074Z - normal: Simulator: Destroy WebGLTexture (14) by GC
2019-07-25T07:25:04.075Z - normal: Simulator: Destroy WebGLTexture (21) by GC
2019-07-25T07:25:04.075Z - normal: Simulator: Destroy WebGLBuffer (3) by GC
2019-07-25T07:25:04.075Z - normal: Simulator: Destroy WebGLTexture (12) by GC
2019-07-25T07:25:04.075Z - normal: Simulator: Destroy WebGLTexture (16) by GC
2019-07-25T07:25:04.076Z - normal: Simulator: Destroy WebGLTexture (8) by GC
2019-07-25T07:25:04.076Z - normal: Simulator: Destroy WebGLProgram (3) by GC
2019-07-25T07:25:04.076Z - normal: Simulator: Destroy WebGLTexture (10) by GC
2019-07-25T07:25:04.076Z - normal: Simulator: Destroy WebGLTexture (19) by GC
2019-07-25T07:25:04.076Z - normal: Simulator: Destroy WebGLTexture (6) by GC
2019-07-25T07:25:04.076Z - normal: Simulator: Destroy WebGLTexture (13) by GC
2019-07-25T07:25:04.077Z - normal: Simulator: Destroy WebGLTexture (5) by GC
2019-07-25T07:25:04.077Z - normal: Simulator: Destroy WebGLTexture (3) by GC
2019-07-25T07:25:04.077Z - normal: Simulator: Destroy WebGLTexture (7) by GC
2019-07-25T07:25:04.077Z - normal: Simulator: Destroy WebGLTexture (1) by GC
2019-07-25T07:25:04.077Z - normal: Simulator: Destroy WebGLBuffer (5) by GC
2019-07-25T07:25:04.078Z - normal: Simulator: Destroy WebGLTexture (9) by GC
2019-07-25T07:25:04.078Z - normal: Simulator: Destroy WebGLBuffer (6) by GC
2019-07-25T07:25:04.078Z - normal: Simulator: Destroy WebGLBuffer (1) by GC
2019-07-25T07:25:04.078Z - normal: Simulator: Destroy WebGLTexture (4) by GC
2019-07-25T07:25:04.078Z - normal: Simulator: Destroy WebGLTexture (15) by GC
2019-07-25T07:25:04.079Z - normal: Simulator: Destroy WebGLTexture (2) by GC
2019-07-25T07:25:04.079Z - normal: Simulator: Destroy WebGLBuffer (4) by GC
2019-07-25T07:25:04.080Z - normal: Simulator: GC begin ..., (js->native map) size: 0, all objects: 0
2019-07-25T07:25:04.136Z - normal: Simulator: GC end ..., (js->native map) size: 0, all objects: 0
2019-07-25T07:25:04.137Z - normal: Simulator: ScriptEngine::cleanup end ...
2019-07-25T07:25:06.953Z - normal: Start building with options : {
  "actualPlatform": "wechatgame",
  "android-instant": {
    "REMOTE_SERVER_ROOT": "",
    "host": "",
    "pathPattern": "",
    "recordPath": "",
    "scheme": "https",
    "skipRecord": false
  },
  "apiLevel": "",
  "appABIs": [],
  "appBundle": false,
  "baidugame": {
    "REMOTE_SERVER_ROOT": "",
    "appid": "testappid",
    "orientation": "portrait",
    "subContext": ""
  },
  "buildPath": "/Users/vincent/code/GoldMiner/GoldMinder/build",
  "debug": false,
  "dest": "/Users/vincent/code/GoldMiner/GoldMinder/build/wechatgame",
  "embedWebDebugger": false,
  "encryptJs": true,
  "excludeScenes": [],
  "excludedModules": [],
  "fb-instant-games": {},
  "includeSDKBox": false,
  "inlineSpriteFrames": true,
  "inlineSpriteFrames_native": true,
  "md5Cache": true,
  "mergeStartScene": false,
  "optimizeHotUpdate": false,
  "orientation": {
    "landscapeLeft": true,
    "landscapeRight": true,
    "portrait": false,
    "upsideDown": false
  },
  "packageName": "org.cocos2d.GoldMiner",
  "platform": "wechatgame",
  "previewHeight": "720",
  "previewWidth": "1280",
  "qqplay": {
    "REMOTE_SERVER_ROOT": "",
    "orientation": "portrait",
    "zip": false
  },
  "scenes": [
    "c86bc7a5-ef98-4481-94b5-f1123d78749f",
    "873b99e6-309d-4d86-af57-c10a1f967080",
    "8a90e415-b26e-47d2-a4c0-a6021c0c1d84",
    "ffb70ef1-991b-4c55-bf0a-12763b657c47",
    "dd826901-d60f-437a-81d8-aba3756d45c8",
    "1f086e9a-44a0-4969-9f4d-5a97061892c2",
    "aa95d830-ad14-4a48-86c8-dc4263001be3",
    "009de718-30fe-4deb-a729-a05aab6525f9",
    "5b096439-58c4-4cf8-b8a9-8625e1d3101d",
    "dfc016d6-1287-4c20-a7aa-38512e4ed1c1",
    "001a278f-e556-471e-b288-70833c05c3bc",
    "186ded98-7bc2-4102-a47b-fa9c863a9489",
    "991f5506-c7db-4853-b991-6dc1e6e2a091",
    "59334db5-9391-4ff9-bf48-0abe670d58ca",
    "c4c357e2-3461-4c07-aa5c-f3fe4914a4d1",
    "5e3b6d1f-adda-49ad-9718-67ddda578fb8"
  ],
  "sourceMaps": false,
  "startScene": "c86bc7a5-ef98-4481-94b5-f1123d78749f",
  "template": "link",
  "title": "GoldMiner",
  "useDebugKeystore": true,
  "vsVersion": "auto",
  "webOrientation": "auto",
  "wechatgame": {
    "REMOTE_SERVER_ROOT": "",
    "appid": "wx3839d1aa1c54d567",
    "orientation": "landscapeRight",
    "separate_engine": false,
    "subContext": "subdomain"
  },
  "xxteaKey": "b4afd356-9b81-48",
  "zipCompressJs": true,
  "project": "/Users/vincent/code/GoldMiner/GoldMinder",
  "projectName": "GoldMiner",
  "debugBuildWorker": false
}
2019-07-25T07:25:06.956Z - normal: Building /Users/vincent/code/GoldMiner/GoldMinder
2019-07-25T07:25:06.956Z - normal: Destination /Users/vincent/code/GoldMiner/GoldMinder/build/wechatgame
2019-07-25T07:25:06.957Z - normal: Delete /Users/vincent/code/GoldMiner/GoldMinder/build/wechatgame/subpackages/**/*,/Users/vincent/code/GoldMiner/GoldMinder/build/wechatgame/**/*,!/Users/vincent/code/GoldMiner/GoldMinder/build/wechatgame/subdomain,!/Users/vincent/code/GoldMiner/GoldMinder/build/wechatgame/subdomain/**/*
2019-07-25T07:25:09.076Z - normal: Start building assets
2019-07-25T07:25:09.076Z - normal: Start spawn build-worker
2019-07-25T07:25:09.747Z - normal: Finish spawn build-worker
2019-07-25T07:25:09.748Z - normal: Start init build-worker
2019-07-25T07:25:12.330Z - normal: Finish init build-worker
2019-07-25T07:25:12.330Z - normal: Start build-assets in worker
2019-07-25T07:25:12.808Z - normal: Finish build-assets in worker
2019-07-25T07:25:12.811Z - normal: Finish building assets
2019-07-25T07:25:12.834Z - normal: Start building plugin scripts
2019-07-25T07:25:12.870Z - normal: Generating main.js from /Applications/CocosCreator.app/Contents/Resources/static/build-templates/shares/main.js
2019-07-25T07:25:13.898Z - normal: Built to "/Users/vincent/code/GoldMiner/GoldMinder/build/wechatgame" successfully
2019-07-25T07:25:24.281Z - normal: Initializing...

2019-07-25T07:25:24.292Z - normal: idePortFile: /Users/vincent/Library/Application Support/微信开发者工具/Default/.ide

2019-07-25T07:25:24.309Z - normal: IDE server has started, listening on http://127.0.0.1:61726

2019-07-25T07:25:24.310Z - normal: initialization finished

2019-07-25T07:25:24.861Z - normal: open IDE success

2019-07-25T07:30:46.831Z - normal: Simulator: WORKAREA WIDTH 1920.00, HEIGHT 966.00
2019-07-25T07:30:46.833Z - normal: Simulator: FRAME SCALE = 0.75
2019-07-25T07:30:46.970Z - normal: Simulator: GLFWError #65544 Happen, Cocoa: Failed to retrieve display name
2019-07-25T07:30:46.970Z - normal: Simulator: GLFWError #65544 Happen, Cocoa: Failed to retrieve display name
2019-07-25T07:30:46.970Z - normal: Simulator: 
2019-07-25T07:30:46.970Z - normal: Simulator: {
2019-07-25T07:30:46.971Z - normal: Simulator: 	build_type: DEBUG
2019-07-25T07:30:46.971Z - normal: Simulator: 	gl.vendor: Intel Inc.
2019-07-25T07:30:46.971Z - normal: Simulator: 	gl.supports_PVRTC: false
2019-07-25T07:30:46.971Z - normal: Simulator: 	gl.renderer: Intel(R) Iris(TM) Plus Graphics 655
2019-07-25T07:30:46.972Z - normal: Simulator: 	gl.supports_ATITC: false
2019-07-25T07:30:46.972Z - normal: Simulator: 	gl.supports_discard_framebuffer: false
2019-07-25T07:30:46.972Z - normal: Simulator: 	gl.supports_NPOT: true
2019-07-25T07:30:46.972Z - normal: Simulator: 	gl.max_texture_units: 16
2019-07-25T07:30:46.973Z - normal: Simulator: 	gl.supports_ETC1: false
2019-07-25T07:30:46.973Z - normal: Simulator: 	gl.max_texture_size: 16384
2019-07-25T07:30:46.973Z - normal: Simulator: 	gl.supports_BGRA8888: false
2019-07-25T07:30:46.973Z - normal: Simulator: 	gl.supports_vertex_array_object: true
2019-07-25T07:30:46.974Z - normal: Simulator: 	gl.supports_OES_map_buffer: false
2019-07-25T07:30:46.974Z - normal: Simulator: 	compiled_with_gl_state_cache: true
2019-07-25T07:30:46.974Z - normal: Simulator: 	gl.supports_OES_packed_depth_stencil: false
2019-07-25T07:30:46.975Z - normal: Simulator: 	gl.version: 2.1 INTEL-12.9.22
2019-07-25T07:30:46.975Z - normal: Simulator: 	gl.supports_S3TC: true
2019-07-25T07:30:46.975Z - normal: Simulator: 	compiled_with_profiler: false
2019-07-25T07:30:46.975Z - normal: Simulator: 	gl.supports_OES_depth24: false
2019-07-25T07:30:46.976Z - normal: Simulator: }
2019-07-25T07:30:46.988Z - normal: Simulator: Project Config:
2019-07-25T07:30:46.988Z - normal: Simulator:     project dir: /Applications/CocosCreator.app/Contents/Resources/cocos2d-x/simulator/mac/Simulator.app/Contents/Resources/
2019-07-25T07:30:46.988Z - normal: Simulator:     writable path: $(PROJDIR)/
2019-07-25T07:30:46.989Z - normal: Simulator:     script file: $(PROJDIR)/main.js
2019-07-25T07:30:46.989Z - normal: Simulator:     frame size: 1920 x 1080
2019-07-25T07:30:46.989Z - normal: Simulator:     frame scale: 0.75
2019-07-25T07:30:46.989Z - normal: Simulator:     show console: NO
2019-07-25T07:30:46.989Z - normal: Simulator:     write debug log: NO ()
2019-07-25T07:30:46.989Z - normal: Simulator:     listen: 
2019-07-25T07:30:46.990Z - normal: Simulator:     debugger: none
2019-07-25T07:30:46.990Z - normal: Simulator:     add searching path:
2019-07-25T07:30:46.990Z - normal: Simulator: resetDesignResolution request
2019-07-25T07:30:46.990Z - normal: Simulator: ------------------------------------------------
2019-07-25T07:30:46.991Z - normal: Simulator: LOAD Js FILE: jsb-adapter/jsb-builtin.js
2019-07-25T07:30:46.991Z - normal: Simulator: ------------------------------------------------
2019-07-25T07:30:46.991Z - normal: Simulator: Initializing V8, version: 6.5.254.43
2019-07-25T07:30:47.025Z - normal: Simulator: libuv version: 1.23.1-dev
2019-07-25T07:30:47.027Z - normal: Simulator: Debugger listening..., visit [ chrome-devtools://devtools/bundled/inspector.html?v8only=true&ws=0.0.0.0:5086/00010002-0003-4004-8005-000600070008 ] in chrome browser to debug!
2019-07-25T07:30:47.027Z - normal: Simulator: For help see https://nodejs.org/en/docs/inspector
2019-07-25T07:30:47.099Z - normal: Simulator: JS: Enable batch GL commands optimization!
2019-07-25T07:30:47.099Z - normal: Simulator: resetDesignResolution request
2019-07-25T07:30:47.099Z - normal: Simulator: ------------------------------------------------
2019-07-25T07:30:47.100Z - normal: Simulator: LOAD Js FILE: main.js
2019-07-25T07:30:47.100Z - normal: Simulator: ------------------------------------------------
2019-07-25T07:30:47.459Z - normal: Simulator: iShow!
2019-07-25T07:30:47.648Z - normal: Simulator: glGetIntegerv: pname: 0x8b4c
2019-07-25T07:30:47.661Z - normal: Simulator: JS: Cocos Creator v2.0.10
2019-07-25T07:30:52.131Z - normal: Simulator: ScriptEngine::cleanup begin ...
2019-07-25T07:30:52.132Z - normal: Simulator: GC begin ..., (js->native map) size: 42, all objects: 126
2019-07-25T07:30:52.162Z - normal: Simulator: GC end ..., (js->native map) size: 42, all objects: 126
2019-07-25T07:30:52.163Z - normal: Simulator: GC begin ..., (js->native map) size: 42, all objects: 126
2019-07-25T07:30:52.186Z - normal: Simulator: GC end ..., (js->native map) size: 42, all objects: 126
2019-07-25T07:30:52.186Z - normal: Simulator: Destroy WebGLBuffer (5) by GC
2019-07-25T07:30:52.187Z - normal: Simulator: Destroy WebGLTexture (17) by GC
2019-07-25T07:30:52.187Z - normal: Simulator: Destroy WebGLTexture (16) by GC
2019-07-25T07:30:52.187Z - normal: Simulator: Destroy WebGLTexture (15) by GC
2019-07-25T07:30:52.187Z - normal: Simulator: Destroy WebGLTexture (14) by GC
2019-07-25T07:30:52.187Z - normal: Simulator: Destroy WebGLTexture (12) by GC
2019-07-25T07:30:52.188Z - normal: Simulator: Destroy WebGLTexture (11) by GC
2019-07-25T07:30:52.188Z - normal: Simulator: Destroy WebGLTexture (10) by GC
2019-07-25T07:30:52.189Z - normal: Simulator: Destroy WebGLTexture (7) by GC
2019-07-25T07:30:52.189Z - normal: Simulator: Destroy WebGLTexture (6) by GC
2019-07-25T07:30:52.190Z - normal: Simulator: Destroy WebGLTexture (4) by GC
2019-07-25T07:30:52.190Z - normal: Simulator: Destroy WebGLTexture (9) by GC
2019-07-25T07:30:52.190Z - normal: Simulator: Destroy WebGLTexture (2) by GC
2019-07-25T07:30:52.190Z - normal: Simulator: Destroy WebGLTexture (5) by GC
2019-07-25T07:30:52.190Z - normal: Simulator: Destroy WebGLTexture (13) by GC
2019-07-25T07:30:52.190Z - normal: Simulator: Destroy WebGLTexture (1) by GC
2019-07-25T07:30:52.191Z - normal: Simulator: Destroy WebGLBuffer (4) by GC
2019-07-25T07:30:52.191Z - normal: Simulator: Destroy WebGLBuffer (2) by GC
2019-07-25T07:30:52.191Z - normal: Simulator: Destroy WebGLTexture (3) by GC
2019-07-25T07:30:52.191Z - normal: Simulator: Destroy WebGLBuffer (1) by GC
2019-07-25T07:30:52.191Z - normal: Simulator: Destroy WebGLProgram (3) by GC
2019-07-25T07:30:52.191Z - normal: Simulator: Destroy WebGLBuffer (3) by GC
2019-07-25T07:30:52.191Z - normal: Simulator: Destroy WebGLProgram (6) by GC
2019-07-25T07:30:52.192Z - normal: Simulator: Destroy WebGLBuffer (6) by GC
2019-07-25T07:30:52.192Z - normal: Simulator: Destroy WebGLTexture (8) by GC
2019-07-25T07:30:52.192Z - normal: Simulator: GC begin ..., (js->native map) size: 0, all objects: 0
2019-07-25T07:30:52.246Z - normal: Simulator: GC end ..., (js->native map) size: 0, all objects: 0
2019-07-25T07:30:52.246Z - normal: Simulator: ScriptEngine::cleanup end ...
2019-07-25T07:31:01.541Z - normal: Start building with options : {
  "actualPlatform": "wechatgame",
  "android-instant": {
    "REMOTE_SERVER_ROOT": "",
    "host": "",
    "pathPattern": "",
    "recordPath": "",
    "scheme": "https",
    "skipRecord": false
  },
  "apiLevel": "",
  "appABIs": [],
  "appBundle": false,
  "baidugame": {
    "REMOTE_SERVER_ROOT": "",
    "appid": "testappid",
    "orientation": "portrait",
    "subContext": ""
  },
  "buildPath": "/Users/vincent/code/GoldMiner/GoldMinder/build",
  "debug": false,
  "dest": "/Users/vincent/code/GoldMiner/GoldMinder/build/wechatgame",
  "embedWebDebugger": false,
  "encryptJs": true,
  "excludeScenes": [],
  "excludedModules": [],
  "fb-instant-games": {},
  "includeSDKBox": false,
  "inlineSpriteFrames": true,
  "inlineSpriteFrames_native": true,
  "md5Cache": true,
  "mergeStartScene": false,
  "optimizeHotUpdate": false,
  "orientation": {
    "landscapeLeft": true,
    "landscapeRight": true,
    "portrait": false,
    "upsideDown": false
  },
  "packageName": "org.cocos2d.GoldMiner",
  "platform": "wechatgame",
  "previewHeight": "720",
  "previewWidth": "1280",
  "qqplay": {
    "REMOTE_SERVER_ROOT": "",
    "orientation": "portrait",
    "zip": false
  },
  "scenes": [
    "c86bc7a5-ef98-4481-94b5-f1123d78749f",
    "873b99e6-309d-4d86-af57-c10a1f967080",
    "8a90e415-b26e-47d2-a4c0-a6021c0c1d84",
    "ffb70ef1-991b-4c55-bf0a-12763b657c47",
    "dd826901-d60f-437a-81d8-aba3756d45c8",
    "1f086e9a-44a0-4969-9f4d-5a97061892c2",
    "aa95d830-ad14-4a48-86c8-dc4263001be3",
    "009de718-30fe-4deb-a729-a05aab6525f9",
    "5b096439-58c4-4cf8-b8a9-8625e1d3101d",
    "dfc016d6-1287-4c20-a7aa-38512e4ed1c1",
    "001a278f-e556-471e-b288-70833c05c3bc",
    "186ded98-7bc2-4102-a47b-fa9c863a9489",
    "991f5506-c7db-4853-b991-6dc1e6e2a091",
    "59334db5-9391-4ff9-bf48-0abe670d58ca",
    "c4c357e2-3461-4c07-aa5c-f3fe4914a4d1",
    "5e3b6d1f-adda-49ad-9718-67ddda578fb8"
  ],
  "sourceMaps": false,
  "startScene": "c86bc7a5-ef98-4481-94b5-f1123d78749f",
  "template": "link",
  "title": "GoldMiner",
  "useDebugKeystore": true,
  "vsVersion": "auto",
  "webOrientation": "auto",
  "wechatgame": {
    "REMOTE_SERVER_ROOT": "",
    "appid": "wx3839d1aa1c54d567",
    "orientation": "landscapeRight",
    "separate_engine": false,
    "subContext": "subdomain"
  },
  "xxteaKey": "b4afd356-9b81-48",
  "zipCompressJs": true,
  "project": "/Users/vincent/code/GoldMiner/GoldMinder",
  "projectName": "GoldMiner",
  "debugBuildWorker": false
}
2019-07-25T07:31:01.543Z - normal: Building /Users/vincent/code/GoldMiner/GoldMinder
2019-07-25T07:31:01.543Z - normal: Destination /Users/vincent/code/GoldMiner/GoldMinder/build/wechatgame
2019-07-25T07:31:01.544Z - normal: Delete /Users/vincent/code/GoldMiner/GoldMinder/build/wechatgame/subpackages/**/*,/Users/vincent/code/GoldMiner/GoldMinder/build/wechatgame/**/*,!/Users/vincent/code/GoldMiner/GoldMinder/build/wechatgame/subdomain,!/Users/vincent/code/GoldMiner/GoldMinder/build/wechatgame/subdomain/**/*
2019-07-25T07:31:03.672Z - normal: Start building assets
2019-07-25T07:31:03.672Z - normal: Start spawn build-worker
2019-07-25T07:31:04.218Z - normal: Finish spawn build-worker
2019-07-25T07:31:04.220Z - normal: Start init build-worker
2019-07-25T07:31:06.752Z - normal: Finish init build-worker
2019-07-25T07:31:06.752Z - normal: Start build-assets in worker
2019-07-25T07:31:07.293Z - normal: Finish build-assets in worker
2019-07-25T07:31:07.296Z - normal: Finish building assets
2019-07-25T07:31:07.312Z - normal: Start building plugin scripts
2019-07-25T07:31:07.352Z - normal: Generating main.js from /Applications/CocosCreator.app/Contents/Resources/static/build-templates/shares/main.js
2019-07-25T07:31:08.549Z - normal: Built to "/Users/vincent/code/GoldMiner/GoldMinder/build/wechatgame" successfully
2019-07-25T07:31:08.642Z - normal: Initializing...

2019-07-25T07:31:08.652Z - normal: idePortFile: /Users/vincent/Library/Application Support/微信开发者工具/Default/.ide

2019-07-25T07:31:08.670Z - normal: IDE server has started, listening on http://127.0.0.1:61726

2019-07-25T07:31:08.671Z - normal: initialization finished

2019-07-25T07:31:09.278Z - normal: open IDE success

2019-07-25T07:31:33.517Z - normal: Simulator: WORKAREA WIDTH 1920.00, HEIGHT 966.00
2019-07-25T07:31:33.517Z - normal: Simulator: FRAME SCALE = 0.75
2019-07-25T07:31:33.619Z - normal: Simulator: GLFWError #65544 Happen, Cocoa: Failed to retrieve display name
2019-07-25T07:31:33.619Z - normal: Simulator: GLFWError #65544 Happen, Cocoa: Failed to retrieve display name
2019-07-25T07:31:33.619Z - normal: Simulator: 
2019-07-25T07:31:33.651Z - normal: Simulator: {
2019-07-25T07:31:33.652Z - normal: Simulator: 	build_type: DEBUG
2019-07-25T07:31:33.652Z - normal: Simulator: 	gl.vendor: Intel Inc.
2019-07-25T07:31:33.652Z - normal: Simulator: 	gl.supports_PVRTC: false
2019-07-25T07:31:33.652Z - normal: Simulator: 	gl.renderer: Intel(R) Iris(TM) Plus Graphics 655
2019-07-25T07:31:33.652Z - normal: Simulator: 	gl.supports_ATITC: false
2019-07-25T07:31:33.653Z - normal: Simulator: 	gl.supports_discard_framebuffer: false
2019-07-25T07:31:33.653Z - normal: Simulator: 	gl.supports_NPOT: true
2019-07-25T07:31:33.653Z - normal: Simulator: 	gl.max_texture_units: 16
2019-07-25T07:31:33.654Z - normal: Simulator: 	gl.supports_ETC1: false
2019-07-25T07:31:33.654Z - normal: Simulator: 	gl.max_texture_size: 16384
2019-07-25T07:31:33.654Z - normal: Simulator: 	gl.supports_BGRA8888: false
2019-07-25T07:31:33.654Z - normal: Simulator: 	gl.supports_vertex_array_object: true
2019-07-25T07:31:33.655Z - normal: Simulator: 	gl.supports_OES_map_buffer: false
2019-07-25T07:31:33.655Z - normal: Simulator: 	compiled_with_gl_state_cache: true
2019-07-25T07:31:33.655Z - normal: Simulator: 	gl.supports_OES_packed_depth_stencil: false
2019-07-25T07:31:33.655Z - normal: Simulator: 	gl.version: 2.1 INTEL-12.9.22
2019-07-25T07:31:33.655Z - normal: Simulator: 	gl.supports_S3TC: true
2019-07-25T07:31:33.656Z - normal: Simulator: 	compiled_with_profiler: false
2019-07-25T07:31:33.656Z - normal: Simulator: 	gl.supports_OES_depth24: false
2019-07-25T07:31:33.656Z - normal: Simulator: }
2019-07-25T07:31:33.668Z - normal: Simulator: Project Config:
2019-07-25T07:31:33.669Z - normal: Simulator:     project dir: /Applications/CocosCreator.app/Contents/Resources/cocos2d-x/simulator/mac/Simulator.app/Contents/Resources/
2019-07-25T07:31:33.669Z - normal: Simulator:     writable path: $(PROJDIR)/
2019-07-25T07:31:33.669Z - normal: Simulator:     script file: $(PROJDIR)/main.js
2019-07-25T07:31:33.670Z - normal: Simulator:     frame size: 1920 x 1080
2019-07-25T07:31:33.670Z - normal: Simulator:     frame scale: 0.75
2019-07-25T07:31:33.670Z - normal: Simulator:     show console: NO
2019-07-25T07:31:33.670Z - normal: Simulator:     write debug log: NO ()
2019-07-25T07:31:33.671Z - normal: Simulator:     listen: 
2019-07-25T07:31:33.671Z - normal: Simulator:     debugger: none
2019-07-25T07:31:33.671Z - normal: Simulator:     add searching path:
2019-07-25T07:31:33.671Z - normal: Simulator: resetDesignResolution request
2019-07-25T07:31:33.671Z - normal: Simulator: ------------------------------------------------
2019-07-25T07:31:33.671Z - normal: Simulator: LOAD Js FILE: jsb-adapter/jsb-builtin.js
2019-07-25T07:31:33.671Z - normal: Simulator: ------------------------------------------------
2019-07-25T07:31:33.672Z - normal: Simulator: Initializing V8, version: 6.5.254.43
2019-07-25T07:31:33.715Z - normal: Simulator: libuv version: 1.23.1-dev
2019-07-25T07:31:33.716Z - normal: Simulator: Debugger listening..., visit [ chrome-devtools://devtools/bundled/inspector.html?v8only=true&ws=0.0.0.0:5086/00010002-0003-4004-8005-000600070008 ] in chrome browser to debug!
2019-07-25T07:31:33.716Z - normal: Simulator: For help see https://nodejs.org/en/docs/inspector
2019-07-25T07:31:33.723Z - normal: Simulator: JS: Enable batch GL commands optimization!
2019-07-25T07:31:33.728Z - normal: Simulator: resetDesignResolution request
2019-07-25T07:31:33.728Z - normal: Simulator: ------------------------------------------------
2019-07-25T07:31:33.730Z - normal: Simulator: LOAD Js FILE: main.js
2019-07-25T07:31:33.730Z - normal: Simulator: ------------------------------------------------
2019-07-25T07:31:34.038Z - normal: Simulator: iShow!
2019-07-25T07:31:34.241Z - normal: Simulator: glGetIntegerv: pname: 0x8b4c
2019-07-25T07:31:34.251Z - normal: Simulator: JS: Cocos Creator v2.0.10
2019-07-25T07:31:35.648Z - normal: Simulator: ScriptEngine::cleanup begin ...
2019-07-25T07:31:35.648Z - normal: Simulator: GC begin ..., (js->native map) size: 41, all objects: 125
2019-07-25T07:31:35.677Z - normal: Simulator: GC end ..., (js->native map) size: 41, all objects: 125
2019-07-25T07:31:35.677Z - normal: Simulator: GC begin ..., (js->native map) size: 41, all objects: 125
2019-07-25T07:31:35.703Z - normal: Simulator: GC end ..., (js->native map) size: 41, all objects: 125
2019-07-25T07:31:35.703Z - normal: Simulator: Destroy WebGLProgram (6) by GC
2019-07-25T07:31:35.704Z - normal: Simulator: Destroy WebGLBuffer (5) by GC
2019-07-25T07:31:35.705Z - normal: Simulator: Destroy WebGLTexture (16) by GC
2019-07-25T07:31:35.705Z - normal: Simulator: Destroy WebGLTexture (15) by GC
2019-07-25T07:31:35.705Z - normal: Simulator: Destroy WebGLTexture (11) by GC
2019-07-25T07:31:35.705Z - normal: Simulator: Destroy WebGLTexture (5) by GC
2019-07-25T07:31:35.706Z - normal: Simulator: Destroy WebGLTexture (6) by GC
2019-07-25T07:31:35.706Z - normal: Simulator: Destroy WebGLTexture (2) by GC
2019-07-25T07:31:35.707Z - normal: Simulator: Destroy WebGLTexture (4) by GC
2019-07-25T07:31:35.707Z - normal: Simulator: Destroy WebGLTexture (9) by GC
2019-07-25T07:31:35.707Z - normal: Simulator: Destroy WebGLTexture (3) by GC
2019-07-25T07:31:35.707Z - normal: Simulator: Destroy WebGLTexture (12) by GC
2019-07-25T07:31:35.707Z - normal: Simulator: Destroy WebGLBuffer (6) by GC
2019-07-25T07:31:35.708Z - normal: Simulator: Destroy WebGLTexture (8) by GC
2019-07-25T07:31:35.708Z - normal: Simulator: Destroy WebGLProgram (3) by GC
2019-07-25T07:31:35.708Z - normal: Simulator: Destroy WebGLTexture (14) by GC
2019-07-25T07:31:35.708Z - normal: Simulator: Destroy WebGLTexture (1) by GC
2019-07-25T07:31:35.708Z - normal: Simulator: Destroy WebGLBuffer (2) by GC
2019-07-25T07:31:35.708Z - normal: Simulator: Destroy WebGLBuffer (3) by GC
2019-07-25T07:31:35.709Z - normal: Simulator: Destroy WebGLBuffer (1) by GC
2019-07-25T07:31:35.709Z - normal: Simulator: Destroy WebGLTexture (13) by GC
2019-07-25T07:31:35.709Z - normal: Simulator: Destroy WebGLTexture (10) by GC
2019-07-25T07:31:35.709Z - normal: Simulator: Destroy WebGLTexture (7) by GC
2019-07-25T07:31:35.709Z - normal: Simulator: Destroy WebGLBuffer (4) by GC
2019-07-25T07:31:35.709Z - normal: Simulator: GC begin ..., (js->native map) size: 0, all objects: 0
2019-07-25T07:31:35.753Z - normal: Simulator: GC end ..., (js->native map) size: 0, all objects: 0
2019-07-25T07:31:35.754Z - normal: Simulator: ScriptEngine::cleanup end ...
2019-07-25T07:32:46.679Z - normal: Start building with options : {
  "actualPlatform": "wechatgame",
  "android-instant": {
    "REMOTE_SERVER_ROOT": "",
    "host": "",
    "pathPattern": "",
    "recordPath": "",
    "scheme": "https",
    "skipRecord": false
  },
  "apiLevel": "",
  "appABIs": [],
  "appBundle": false,
  "baidugame": {
    "REMOTE_SERVER_ROOT": "",
    "appid": "testappid",
    "orientation": "portrait",
    "subContext": ""
  },
  "buildPath": "/Users/vincent/code/GoldMiner/GoldMinder/build",
  "debug": false,
  "dest": "/Users/vincent/code/GoldMiner/GoldMinder/build/wechatgame",
  "embedWebDebugger": false,
  "encryptJs": true,
  "excludeScenes": [],
  "excludedModules": [],
  "fb-instant-games": {},
  "includeSDKBox": false,
  "inlineSpriteFrames": true,
  "inlineSpriteFrames_native": true,
  "md5Cache": true,
  "mergeStartScene": false,
  "optimizeHotUpdate": false,
  "orientation": {
    "landscapeLeft": true,
    "landscapeRight": true,
    "portrait": false,
    "upsideDown": false
  },
  "packageName": "org.cocos2d.GoldMiner",
  "platform": "wechatgame",
  "previewHeight": "720",
  "previewWidth": "1280",
  "qqplay": {
    "REMOTE_SERVER_ROOT": "",
    "orientation": "portrait",
    "zip": false
  },
  "scenes": [
    "c86bc7a5-ef98-4481-94b5-f1123d78749f",
    "873b99e6-309d-4d86-af57-c10a1f967080",
    "8a90e415-b26e-47d2-a4c0-a6021c0c1d84",
    "ffb70ef1-991b-4c55-bf0a-12763b657c47",
    "dd826901-d60f-437a-81d8-aba3756d45c8",
    "1f086e9a-44a0-4969-9f4d-5a97061892c2",
    "aa95d830-ad14-4a48-86c8-dc4263001be3",
    "009de718-30fe-4deb-a729-a05aab6525f9",
    "5b096439-58c4-4cf8-b8a9-8625e1d3101d",
    "dfc016d6-1287-4c20-a7aa-38512e4ed1c1",
    "001a278f-e556-471e-b288-70833c05c3bc",
    "186ded98-7bc2-4102-a47b-fa9c863a9489",
    "991f5506-c7db-4853-b991-6dc1e6e2a091",
    "59334db5-9391-4ff9-bf48-0abe670d58ca",
    "c4c357e2-3461-4c07-aa5c-f3fe4914a4d1",
    "5e3b6d1f-adda-49ad-9718-67ddda578fb8"
  ],
  "sourceMaps": false,
  "startScene": "c86bc7a5-ef98-4481-94b5-f1123d78749f",
  "template": "link",
  "title": "GoldMiner",
  "useDebugKeystore": true,
  "vsVersion": "auto",
  "webOrientation": "auto",
  "wechatgame": {
    "REMOTE_SERVER_ROOT": "",
    "appid": "wx3839d1aa1c54d567",
    "orientation": "landscapeRight",
    "separate_engine": false,
    "subContext": "subdomain"
  },
  "xxteaKey": "b4afd356-9b81-48",
  "zipCompressJs": true,
  "project": "/Users/vincent/code/GoldMiner/GoldMinder",
  "projectName": "GoldMiner",
  "debugBuildWorker": false
}
2019-07-25T07:32:46.681Z - normal: Building /Users/vincent/code/GoldMiner/GoldMinder
2019-07-25T07:32:46.681Z - normal: Destination /Users/vincent/code/GoldMiner/GoldMinder/build/wechatgame
2019-07-25T07:32:46.682Z - normal: Delete /Users/vincent/code/GoldMiner/GoldMinder/build/wechatgame/subpackages/**/*,/Users/vincent/code/GoldMiner/GoldMinder/build/wechatgame/**/*,!/Users/vincent/code/GoldMiner/GoldMinder/build/wechatgame/subdomain,!/Users/vincent/code/GoldMiner/GoldMinder/build/wechatgame/subdomain/**/*
2019-07-25T07:32:48.454Z - normal: Start building assets
2019-07-25T07:32:48.454Z - normal: Start spawn build-worker
2019-07-25T07:32:48.959Z - normal: Finish spawn build-worker
2019-07-25T07:32:48.959Z - normal: Start init build-worker
2019-07-25T07:32:51.127Z - normal: Finish init build-worker
2019-07-25T07:32:51.128Z - normal: Start build-assets in worker
2019-07-25T07:32:51.577Z - normal: Finish build-assets in worker
2019-07-25T07:32:51.581Z - normal: Finish building assets
2019-07-25T07:32:51.595Z - normal: Start building plugin scripts
2019-07-25T07:32:51.635Z - normal: Generating main.js from /Applications/CocosCreator.app/Contents/Resources/static/build-templates/shares/main.js
2019-07-25T07:32:52.529Z - normal: Built to "/Users/vincent/code/GoldMiner/GoldMinder/build/wechatgame" successfully
2019-07-25T07:34:36.098Z - normal: Start building with options : {
  "actualPlatform": "wechatgame",
  "android-instant": {
    "REMOTE_SERVER_ROOT": "",
    "host": "",
    "pathPattern": "",
    "recordPath": "",
    "scheme": "https",
    "skipRecord": false
  },
  "apiLevel": "",
  "appABIs": [],
  "appBundle": false,
  "baidugame": {
    "REMOTE_SERVER_ROOT": "",
    "appid": "testappid",
    "orientation": "portrait",
    "subContext": ""
  },
  "buildPath": "/Users/vincent/code/GoldMiner/GoldMinder/build",
  "debug": false,
  "dest": "/Users/vincent/code/GoldMiner/GoldMinder/build/wechatgame",
  "embedWebDebugger": false,
  "encryptJs": true,
  "excludeScenes": [],
  "excludedModules": [],
  "fb-instant-games": {},
  "includeSDKBox": false,
  "inlineSpriteFrames": true,
  "inlineSpriteFrames_native": true,
  "md5Cache": true,
  "mergeStartScene": false,
  "optimizeHotUpdate": false,
  "orientation": {
    "landscapeLeft": true,
    "landscapeRight": true,
    "portrait": false,
    "upsideDown": false
  },
  "packageName": "org.cocos2d.GoldMiner",
  "platform": "wechatgame",
  "previewHeight": "720",
  "previewWidth": "1280",
  "qqplay": {
    "REMOTE_SERVER_ROOT": "",
    "orientation": "portrait",
    "zip": false
  },
  "scenes": [
    "c86bc7a5-ef98-4481-94b5-f1123d78749f",
    "873b99e6-309d-4d86-af57-c10a1f967080",
    "8a90e415-b26e-47d2-a4c0-a6021c0c1d84",
    "ffb70ef1-991b-4c55-bf0a-12763b657c47",
    "dd826901-d60f-437a-81d8-aba3756d45c8",
    "1f086e9a-44a0-4969-9f4d-5a97061892c2",
    "aa95d830-ad14-4a48-86c8-dc4263001be3",
    "009de718-30fe-4deb-a729-a05aab6525f9",
    "5b096439-58c4-4cf8-b8a9-8625e1d3101d",
    "dfc016d6-1287-4c20-a7aa-38512e4ed1c1",
    "001a278f-e556-471e-b288-70833c05c3bc",
    "186ded98-7bc2-4102-a47b-fa9c863a9489",
    "991f5506-c7db-4853-b991-6dc1e6e2a091",
    "59334db5-9391-4ff9-bf48-0abe670d58ca",
    "c4c357e2-3461-4c07-aa5c-f3fe4914a4d1",
    "5e3b6d1f-adda-49ad-9718-67ddda578fb8"
  ],
  "sourceMaps": false,
  "startScene": "c86bc7a5-ef98-4481-94b5-f1123d78749f",
  "template": "link",
  "title": "GoldMiner",
  "useDebugKeystore": true,
  "vsVersion": "auto",
  "webOrientation": "auto",
  "wechatgame": {
    "REMOTE_SERVER_ROOT": "",
    "appid": "wx3839d1aa1c54d567",
    "orientation": "landscapeRight",
    "separate_engine": false,
    "subContext": "subdomain"
  },
  "xxteaKey": "b4afd356-9b81-48",
  "zipCompressJs": true,
  "project": "/Users/vincent/code/GoldMiner/GoldMinder",
  "projectName": "GoldMiner",
  "debugBuildWorker": false
}
2019-07-25T07:34:36.100Z - normal: Building /Users/vincent/code/GoldMiner/GoldMinder
2019-07-25T07:34:36.100Z - normal: Destination /Users/vincent/code/GoldMiner/GoldMinder/build/wechatgame
2019-07-25T07:34:36.101Z - normal: Delete /Users/vincent/code/GoldMiner/GoldMinder/build/wechatgame/subpackages/**/*,/Users/vincent/code/GoldMiner/GoldMinder/build/wechatgame/**/*,!/Users/vincent/code/GoldMiner/GoldMinder/build/wechatgame/subdomain,!/Users/vincent/code/GoldMiner/GoldMinder/build/wechatgame/subdomain/**/*
2019-07-25T07:34:38.004Z - normal: Start building assets
2019-07-25T07:34:38.004Z - normal: Start spawn build-worker
2019-07-25T07:34:38.521Z - normal: Finish spawn build-worker
2019-07-25T07:34:38.521Z - normal: Start init build-worker
2019-07-25T07:34:40.844Z - normal: Finish init build-worker
2019-07-25T07:34:40.844Z - normal: Start build-assets in worker
2019-07-25T07:34:41.289Z - normal: Finish build-assets in worker
2019-07-25T07:34:41.291Z - normal: Finish building assets
2019-07-25T07:34:41.301Z - normal: Start building plugin scripts
2019-07-25T07:34:41.336Z - normal: Generating main.js from /Applications/CocosCreator.app/Contents/Resources/static/build-templates/shares/main.js
2019-07-25T07:34:42.331Z - normal: Built to "/Users/vincent/code/GoldMiner/GoldMinder/build/wechatgame" successfully
2019-07-25T07:35:05.996Z - normal: Initializing...

2019-07-25T07:35:06.005Z - normal: idePortFile: /Users/vincent/Library/Application Support/微信开发者工具/Default/.ide

2019-07-25T07:35:06.021Z - normal: IDE server has started, listening on http://127.0.0.1:61726

2019-07-25T07:35:06.022Z - normal: initialization finished

2019-07-25T07:35:06.545Z - normal: open IDE success

2019-07-25T07:47:57.773Z - normal: Simulator: WORKAREA WIDTH 1920.00, HEIGHT 966.00
2019-07-25T07:47:57.774Z - normal: Simulator: FRAME SCALE = 0.75
2019-07-25T07:47:57.890Z - normal: Simulator: GLFWError #65544 Happen, Cocoa: Failed to retrieve display name
2019-07-25T07:47:57.891Z - normal: Simulator: GLFWError #65544 Happen, Cocoa: Failed to retrieve display name
2019-07-25T07:47:57.891Z - normal: Simulator: 
2019-07-25T07:47:57.891Z - normal: Simulator: {
2019-07-25T07:47:57.891Z - normal: Simulator: 	build_type: DEBUG
2019-07-25T07:47:57.892Z - normal: Simulator: 	gl.vendor: Intel Inc.
2019-07-25T07:47:57.892Z - normal: Simulator: 	gl.supports_PVRTC: false
2019-07-25T07:47:57.892Z - normal: Simulator: 	gl.renderer: Intel(R) Iris(TM) Plus Graphics 655
2019-07-25T07:47:57.892Z - normal: Simulator: 	gl.supports_ATITC: false
2019-07-25T07:47:57.893Z - normal: Simulator: 	gl.supports_discard_framebuffer: false
2019-07-25T07:47:57.893Z - normal: Simulator: 	gl.supports_NPOT: true
2019-07-25T07:47:57.893Z - normal: Simulator: 	gl.max_texture_units: 16
2019-07-25T07:47:57.893Z - normal: Simulator: 	gl.supports_ETC1: false
2019-07-25T07:47:57.894Z - normal: Simulator: 	gl.max_texture_size: 16384
2019-07-25T07:47:57.894Z - normal: Simulator: 	gl.supports_BGRA8888: false
2019-07-25T07:47:57.894Z - normal: Simulator: 	gl.supports_vertex_array_object: true
2019-07-25T07:47:57.894Z - normal: Simulator: 	gl.supports_OES_map_buffer: false
2019-07-25T07:47:57.894Z - normal: Simulator: 	compiled_with_gl_state_cache: true
2019-07-25T07:47:57.894Z - normal: Simulator: 	gl.supports_OES_packed_depth_stencil: false
2019-07-25T07:47:57.895Z - normal: Simulator: 	gl.version: 2.1 INTEL-12.9.22
2019-07-25T07:47:57.895Z - normal: Simulator: 	gl.supports_S3TC: true
2019-07-25T07:47:57.895Z - normal: Simulator: 	compiled_with_profiler: false
2019-07-25T07:47:57.895Z - normal: Simulator: 	gl.supports_OES_depth24: false
2019-07-25T07:47:57.895Z - normal: Simulator: }
2019-07-25T07:47:57.942Z - normal: Simulator: Project Config:
2019-07-25T07:47:57.942Z - normal: Simulator:     project dir: /Applications/CocosCreator.app/Contents/Resources/cocos2d-x/simulator/mac/Simulator.app/Contents/Resources/
2019-07-25T07:47:57.943Z - normal: Simulator:     writable path: $(PROJDIR)/
2019-07-25T07:47:57.943Z - normal: Simulator:     script file: $(PROJDIR)/main.js
2019-07-25T07:47:57.943Z - normal: Simulator:     frame size: 1920 x 1080
2019-07-25T07:47:57.943Z - normal: Simulator:     frame scale: 0.75
2019-07-25T07:47:57.944Z - normal: Simulator:     show console: NO
2019-07-25T07:47:57.944Z - normal: Simulator:     write debug log: NO ()
2019-07-25T07:47:57.944Z - normal: Simulator:     listen: 
2019-07-25T07:47:57.944Z - normal: Simulator:     debugger: none
2019-07-25T07:47:57.944Z - normal: Simulator:     add searching path:
2019-07-25T07:47:57.944Z - normal: Simulator: resetDesignResolution request
2019-07-25T07:47:57.945Z - normal: Simulator: ------------------------------------------------
2019-07-25T07:47:57.945Z - normal: Simulator: LOAD Js FILE: jsb-adapter/jsb-builtin.js
2019-07-25T07:47:57.945Z - normal: Simulator: ------------------------------------------------
2019-07-25T07:47:57.945Z - normal: Simulator: Initializing V8, version: 6.5.254.43
2019-07-25T07:47:57.983Z - normal: Simulator: libuv version: 1.23.1-dev
2019-07-25T07:47:57.984Z - normal: Simulator: Debugger listening..., visit [ chrome-devtools://devtools/bundled/inspector.html?v8only=true&ws=0.0.0.0:5086/00010002-0003-4004-8005-000600070008 ] in chrome browser to debug!
2019-07-25T07:47:57.984Z - normal: Simulator: For help see https://nodejs.org/en/docs/inspector
2019-07-25T07:47:58.027Z - normal: Simulator: JS: Enable batch GL commands optimization!
2019-07-25T07:47:58.028Z - normal: Simulator: resetDesignResolution request
2019-07-25T07:47:58.029Z - normal: Simulator: ------------------------------------------------
2019-07-25T07:47:58.029Z - normal: Simulator: LOAD Js FILE: main.js
2019-07-25T07:47:58.029Z - normal: Simulator: ------------------------------------------------
2019-07-25T07:47:58.327Z - normal: Simulator: iShow!
2019-07-25T07:47:58.490Z - normal: Simulator: glGetIntegerv: pname: 0x8b4c
2019-07-25T07:47:58.506Z - normal: Simulator: JS: Cocos Creator v2.0.10
2019-07-25T07:47:58.710Z - normal: Simulator: JS: [ERROR]: Callback of event must be non-nil
2019-07-25T07:48:04.739Z - normal: Simulator: ScriptEngine::cleanup begin ...
2019-07-25T07:48:04.740Z - normal: Simulator: GC begin ..., (js->native map) size: 20, all objects: 99
2019-07-25T07:48:04.766Z - normal: Simulator: GC end ..., (js->native map) size: 20, all objects: 99
2019-07-25T07:48:04.766Z - normal: Simulator: GC begin ..., (js->native map) size: 20, all objects: 99
2019-07-25T07:48:04.787Z - normal: Simulator: GC end ..., (js->native map) size: 20, all objects: 99
2019-07-25T07:48:04.788Z - normal: Simulator: Destroy WebGLProgram (3) by GC
2019-07-25T07:48:04.789Z - normal: Simulator: Destroy WebGLTexture (4) by GC
2019-07-25T07:48:04.789Z - normal: Simulator: Destroy WebGLTexture (3) by GC
2019-07-25T07:48:04.789Z - normal: Simulator: Destroy WebGLTexture (2) by GC
2019-07-25T07:48:04.789Z - normal: Simulator: Destroy WebGLTexture (1) by GC
2019-07-25T07:48:04.789Z - normal: Simulator: Destroy WebGLBuffer (3) by GC
2019-07-25T07:48:04.790Z - normal: Simulator: Destroy WebGLBuffer (1) by GC
2019-07-25T07:48:04.791Z - normal: Simulator: Destroy WebGLBuffer (4) by GC
2019-07-25T07:48:04.791Z - normal: Simulator: Destroy WebGLTexture (5) by GC
2019-07-25T07:48:04.791Z - normal: Simulator: Destroy WebGLBuffer (2) by GC
2019-07-25T07:48:04.791Z - normal: Simulator: GC begin ..., (js->native map) size: 0, all objects: 0
2019-07-25T07:48:04.813Z - normal: Simulator: GC end ..., (js->native map) size: 0, all objects: 0
2019-07-25T07:48:04.813Z - normal: Simulator: ScriptEngine::cleanup end ...
2019-07-25T07:48:12.045Z - normal: Simulator: WORKAREA WIDTH 1920.00, HEIGHT 966.00
2019-07-25T07:48:12.046Z - normal: Simulator: FRAME SCALE = 0.75
2019-07-25T07:48:12.130Z - normal: Simulator: GLFWError #65544 Happen, Cocoa: Failed to retrieve display name
2019-07-25T07:48:12.134Z - normal: Simulator: GLFWError #65544 Happen, Cocoa: Failed to retrieve display name
2019-07-25T07:48:12.161Z - normal: Simulator: 
2019-07-25T07:48:12.161Z - normal: Simulator: {
2019-07-25T07:48:12.161Z - normal: Simulator: 	build_type: DEBUG
2019-07-25T07:48:12.162Z - normal: Simulator: 	gl.vendor: Intel Inc.
2019-07-25T07:48:12.162Z - normal: Simulator: 	gl.supports_PVRTC: false
2019-07-25T07:48:12.162Z - normal: Simulator: 	gl.renderer: Intel(R) Iris(TM) Plus Graphics 655
2019-07-25T07:48:12.162Z - normal: Simulator: 	gl.supports_ATITC: false
2019-07-25T07:48:12.162Z - normal: Simulator: 	gl.supports_discard_framebuffer: false
2019-07-25T07:48:12.162Z - normal: Simulator: 	gl.supports_NPOT: true
2019-07-25T07:48:12.162Z - normal: Simulator: 	gl.max_texture_units: 16
2019-07-25T07:48:12.163Z - normal: Simulator: 	gl.supports_ETC1: false
2019-07-25T07:48:12.163Z - normal: Simulator: 	gl.max_texture_size: 16384
2019-07-25T07:48:12.163Z - normal: Simulator: 	gl.supports_BGRA8888: false
2019-07-25T07:48:12.163Z - normal: Simulator: 	gl.supports_vertex_array_object: true
2019-07-25T07:48:12.163Z - normal: Simulator: 	gl.supports_OES_map_buffer: false
2019-07-25T07:48:12.163Z - normal: Simulator: 	compiled_with_gl_state_cache: true
2019-07-25T07:48:12.163Z - normal: Simulator: 	gl.supports_OES_packed_depth_stencil: false
2019-07-25T07:48:12.163Z - normal: Simulator: 	gl.version: 2.1 INTEL-12.9.22
2019-07-25T07:48:12.164Z - normal: Simulator: 	gl.supports_S3TC: true
2019-07-25T07:48:12.164Z - normal: Simulator: 	compiled_with_profiler: false
2019-07-25T07:48:12.164Z - normal: Simulator: 	gl.supports_OES_depth24: false
2019-07-25T07:48:12.164Z - normal: Simulator: }
2019-07-25T07:48:12.167Z - normal: Simulator: Project Config:
2019-07-25T07:48:12.167Z - normal: Simulator:     project dir: /Applications/CocosCreator.app/Contents/Resources/cocos2d-x/simulator/mac/Simulator.app/Contents/Resources/
2019-07-25T07:48:12.167Z - normal: Simulator:     writable path: $(PROJDIR)/
2019-07-25T07:48:12.168Z - normal: Simulator:     script file: $(PROJDIR)/main.js
2019-07-25T07:48:12.168Z - normal: Simulator:     frame size: 1920 x 1080
2019-07-25T07:48:12.168Z - normal: Simulator:     frame scale: 0.75
2019-07-25T07:48:12.168Z - normal: Simulator:     show console: NO
2019-07-25T07:48:12.168Z - normal: Simulator:     write debug log: NO ()
2019-07-25T07:48:12.168Z - normal: Simulator:     listen: 
2019-07-25T07:48:12.169Z - normal: Simulator:     debugger: none
2019-07-25T07:48:12.169Z - normal: Simulator:     add searching path:
2019-07-25T07:48:12.169Z - normal: Simulator: resetDesignResolution request
2019-07-25T07:48:12.169Z - normal: Simulator: ------------------------------------------------
2019-07-25T07:48:12.169Z - normal: Simulator: LOAD Js FILE: jsb-adapter/jsb-builtin.js
2019-07-25T07:48:12.169Z - normal: Simulator: ------------------------------------------------
2019-07-25T07:48:12.169Z - normal: Simulator: Initializing V8, version: 6.5.254.43
2019-07-25T07:48:12.209Z - normal: Simulator: libuv version: 1.23.1-dev
2019-07-25T07:48:12.209Z - normal: Simulator: Debugger listening..., visit [ chrome-devtools://devtools/bundled/inspector.html?v8only=true&ws=0.0.0.0:5086/00010002-0003-4004-8005-000600070008 ] in chrome browser to debug!
2019-07-25T07:48:12.209Z - normal: Simulator: For help see https://nodejs.org/en/docs/inspector
2019-07-25T07:48:12.211Z - normal: Simulator: JS: Enable batch GL commands optimization!
2019-07-25T07:48:12.212Z - normal: Simulator: resetDesignResolution request
2019-07-25T07:48:12.212Z - normal: Simulator: ------------------------------------------------
2019-07-25T07:48:12.212Z - normal: Simulator: LOAD Js FILE: main.js
2019-07-25T07:48:12.213Z - normal: Simulator: ------------------------------------------------
2019-07-25T07:48:12.486Z - normal: Simulator: iShow!
2019-07-25T07:48:12.652Z - normal: Simulator: glGetIntegerv: pname: 0x8b4c
2019-07-25T07:48:12.663Z - normal: Simulator: JS: Cocos Creator v2.0.10
2019-07-25T07:48:19.925Z - normal: Simulator: ScriptEngine::cleanup begin ...
2019-07-25T07:48:19.926Z - normal: Simulator: GC begin ..., (js->native map) size: 20, all objects: 99
2019-07-25T07:48:19.951Z - normal: Simulator: GC end ..., (js->native map) size: 20, all objects: 99
2019-07-25T07:48:19.952Z - normal: Simulator: GC begin ..., (js->native map) size: 20, all objects: 99
2019-07-25T07:48:19.970Z - normal: Simulator: GC end ..., (js->native map) size: 20, all objects: 99
2019-07-25T07:48:19.970Z - normal: Simulator: Destroy WebGLProgram (3) by GC
2019-07-25T07:48:19.971Z - normal: Simulator: Destroy WebGLTexture (5) by GC
2019-07-25T07:48:19.972Z - normal: Simulator: Destroy WebGLTexture (4) by GC
2019-07-25T07:48:19.972Z - normal: Simulator: Destroy WebGLTexture (3) by GC
2019-07-25T07:48:19.972Z - normal: Simulator: Destroy WebGLBuffer (4) by GC
2019-07-25T07:48:19.972Z - normal: Simulator: Destroy WebGLBuffer (3) by GC
2019-07-25T07:48:19.973Z - normal: Simulator: Destroy WebGLBuffer (2) by GC
2019-07-25T07:48:19.973Z - normal: Simulator: Destroy WebGLTexture (2) by GC
2019-07-25T07:48:19.974Z - normal: Simulator: Destroy WebGLBuffer (1) by GC
2019-07-25T07:48:19.975Z - normal: Simulator: Destroy WebGLTexture (1) by GC
2019-07-25T07:48:19.975Z - normal: Simulator: GC begin ..., (js->native map) size: 0, all objects: 0
2019-07-25T07:48:19.992Z - normal: Simulator: GC end ..., (js->native map) size: 0, all objects: 0
2019-07-25T07:48:19.997Z - normal: Simulator: ScriptEngine::cleanup end ...
2019-07-25T07:48:36.359Z - normal: Simulator: WORKAREA WIDTH 1920.00, HEIGHT 966.00
2019-07-25T07:48:36.359Z - normal: Simulator: FRAME SCALE = 0.75
2019-07-25T07:48:36.446Z - normal: Simulator: GLFWError #65544 Happen, Cocoa: Failed to retrieve display name
2019-07-25T07:48:36.469Z - normal: Simulator: GLFWError #65544 Happen, Cocoa: Failed to retrieve display name
2019-07-25T07:48:36.470Z - normal: Simulator: 
2019-07-25T07:48:36.470Z - normal: Simulator: {
2019-07-25T07:48:36.470Z - normal: Simulator: 	build_type: DEBUG
2019-07-25T07:48:36.470Z - normal: Simulator: 	gl.vendor: Intel Inc.
2019-07-25T07:48:36.470Z - normal: Simulator: 	gl.supports_PVRTC: false
2019-07-25T07:48:36.470Z - normal: Simulator: 	gl.renderer: Intel(R) Iris(TM) Plus Graphics 655
2019-07-25T07:48:36.471Z - normal: Simulator: 	gl.supports_ATITC: false
2019-07-25T07:48:36.471Z - normal: Simulator: 	gl.supports_discard_framebuffer: false
2019-07-25T07:48:36.471Z - normal: Simulator: 	gl.supports_NPOT: true
2019-07-25T07:48:36.472Z - normal: Simulator: 	gl.max_texture_units: 16
2019-07-25T07:48:36.472Z - normal: Simulator: 	gl.supports_ETC1: false
2019-07-25T07:48:36.472Z - normal: Simulator: 	gl.max_texture_size: 16384
2019-07-25T07:48:36.472Z - normal: Simulator: 	gl.supports_BGRA8888: false
2019-07-25T07:48:36.472Z - normal: Simulator: 	gl.supports_vertex_array_object: true
2019-07-25T07:48:36.472Z - normal: Simulator: 	gl.supports_OES_map_buffer: false
2019-07-25T07:48:36.473Z - normal: Simulator: 	compiled_with_gl_state_cache: true
2019-07-25T07:48:36.473Z - normal: Simulator: 	gl.supports_OES_packed_depth_stencil: false
2019-07-25T07:48:36.473Z - normal: Simulator: 	gl.version: 2.1 INTEL-12.9.22
2019-07-25T07:48:36.473Z - normal: Simulator: 	gl.supports_S3TC: true
2019-07-25T07:48:36.473Z - normal: Simulator: 	compiled_with_profiler: false
2019-07-25T07:48:36.473Z - normal: Simulator: 	gl.supports_OES_depth24: false
2019-07-25T07:48:36.473Z - normal: Simulator: }
2019-07-25T07:48:36.512Z - normal: Simulator: Project Config:
2019-07-25T07:48:36.512Z - normal: Simulator:     project dir: /Applications/CocosCreator.app/Contents/Resources/cocos2d-x/simulator/mac/Simulator.app/Contents/Resources/
2019-07-25T07:48:36.513Z - normal: Simulator:     writable path: $(PROJDIR)/
2019-07-25T07:48:36.513Z - normal: Simulator:     script file: $(PROJDIR)/main.js
2019-07-25T07:48:36.513Z - normal: Simulator:     frame size: 1920 x 1080
2019-07-25T07:48:36.513Z - normal: Simulator:     frame scale: 0.75
2019-07-25T07:48:36.513Z - normal: Simulator:     show console: NO
2019-07-25T07:48:36.514Z - normal: Simulator:     write debug log: NO ()
2019-07-25T07:48:36.514Z - normal: Simulator:     listen: 
2019-07-25T07:48:36.514Z - normal: Simulator:     debugger: none
2019-07-25T07:48:36.514Z - normal: Simulator:     add searching path:
2019-07-25T07:48:36.515Z - normal: Simulator: resetDesignResolution request
2019-07-25T07:48:36.515Z - normal: Simulator: ------------------------------------------------
2019-07-25T07:48:36.515Z - normal: Simulator: LOAD Js FILE: jsb-adapter/jsb-builtin.js
2019-07-25T07:48:36.515Z - normal: Simulator: ------------------------------------------------
2019-07-25T07:48:36.515Z - normal: Simulator: Initializing V8, version: 6.5.254.43
2019-07-25T07:48:36.515Z - normal: Simulator: libuv version: 1.23.1-dev
2019-07-25T07:48:36.516Z - normal: Simulator: Debugger listening..., visit [ chrome-devtools://devtools/bundled/inspector.html?v8only=true&ws=0.0.0.0:5086/00010002-0003-4004-8005-000600070008 ] in chrome browser to debug!
2019-07-25T07:48:36.516Z - normal: Simulator: For help see https://nodejs.org/en/docs/inspector
2019-07-25T07:48:36.560Z - normal: Simulator: JS: Enable batch GL commands optimization!
2019-07-25T07:48:36.560Z - normal: Simulator: resetDesignResolution request
2019-07-25T07:48:36.560Z - normal: Simulator: ------------------------------------------------
2019-07-25T07:48:36.561Z - normal: Simulator: LOAD Js FILE: main.js
2019-07-25T07:48:36.561Z - normal: Simulator: ------------------------------------------------
2019-07-25T07:48:36.823Z - normal: Simulator: iShow!
2019-07-25T07:48:36.978Z - normal: Simulator: glGetIntegerv: pname: 0x8b4c
2019-07-25T07:48:36.985Z - normal: Simulator: JS: Cocos Creator v2.0.10
2019-07-25T07:48:38.879Z - normal: Simulator: ScriptEngine::cleanup begin ...
2019-07-25T07:48:38.880Z - normal: Simulator: GC begin ..., (js->native map) size: 20, all objects: 99
2019-07-25T07:48:38.903Z - normal: Simulator: GC end ..., (js->native map) size: 20, all objects: 99
2019-07-25T07:48:38.903Z - normal: Simulator: GC begin ..., (js->native map) size: 20, all objects: 99
2019-07-25T07:48:38.925Z - normal: Simulator: GC end ..., (js->native map) size: 20, all objects: 99
2019-07-25T07:48:38.925Z - normal: Simulator: Destroy WebGLTexture (4) by GC
2019-07-25T07:48:38.925Z - normal: Simulator: Destroy WebGLTexture (3) by GC
2019-07-25T07:48:38.925Z - normal: Simulator: Destroy WebGLTexture (2) by GC
2019-07-25T07:48:38.925Z - normal: Simulator: Destroy WebGLBuffer (4) by GC
2019-07-25T07:48:38.926Z - normal: Simulator: Destroy WebGLBuffer (1) by GC
2019-07-25T07:48:38.926Z - normal: Simulator: Destroy WebGLProgram (3) by GC
2019-07-25T07:48:38.926Z - normal: Simulator: Destroy WebGLBuffer (3) by GC
2019-07-25T07:48:38.926Z - normal: Simulator: Destroy WebGLTexture (5) by GC
2019-07-25T07:48:38.926Z - normal: Simulator: Destroy WebGLTexture (1) by GC
2019-07-25T07:48:38.927Z - normal: Simulator: Destroy WebGLBuffer (2) by GC
2019-07-25T07:48:38.927Z - normal: Simulator: GC begin ..., (js->native map) size: 0, all objects: 0
2019-07-25T07:48:38.960Z - normal: Simulator: GC end ..., (js->native map) size: 0, all objects: 0
2019-07-25T07:48:38.960Z - normal: Simulator: ScriptEngine::cleanup end ...
2019-07-25T07:49:17.619Z - normal: Simulator: WORKAREA WIDTH 1920.00, HEIGHT 966.00
2019-07-25T07:49:17.620Z - normal: Simulator: FRAME SCALE = 0.75
2019-07-25T07:49:17.703Z - normal: Simulator: GLFWError #65544 Happen, Cocoa: Failed to retrieve display name
2019-07-25T07:49:17.703Z - normal: Simulator: GLFWError #65544 Happen, Cocoa: Failed to retrieve display name
2019-07-25T07:49:17.703Z - normal: Simulator: 
2019-07-25T07:49:17.703Z - normal: Simulator: {
2019-07-25T07:49:17.728Z - normal: Simulator: 	build_type: DEBUG
2019-07-25T07:49:17.728Z - normal: Simulator: 	gl.vendor: Intel Inc.
2019-07-25T07:49:17.728Z - normal: Simulator: 	gl.supports_PVRTC: false
2019-07-25T07:49:17.728Z - normal: Simulator: 	gl.renderer: Intel(R) Iris(TM) Plus Graphics 655
2019-07-25T07:49:17.729Z - normal: Simulator: 	gl.supports_ATITC: false
2019-07-25T07:49:17.729Z - normal: Simulator: 	gl.supports_discard_framebuffer: false
2019-07-25T07:49:17.729Z - normal: Simulator: 	gl.supports_NPOT: true
2019-07-25T07:49:17.729Z - normal: Simulator: 	gl.max_texture_units: 16
2019-07-25T07:49:17.729Z - normal: Simulator: 	gl.supports_ETC1: false
2019-07-25T07:49:17.729Z - normal: Simulator: 	gl.max_texture_size: 16384
2019-07-25T07:49:17.729Z - normal: Simulator: 	gl.supports_BGRA8888: false
2019-07-25T07:49:17.729Z - normal: Simulator: 	gl.supports_vertex_array_object: true
2019-07-25T07:49:17.730Z - normal: Simulator: 	gl.supports_OES_map_buffer: false
2019-07-25T07:49:17.730Z - normal: Simulator: 	compiled_with_gl_state_cache: true
2019-07-25T07:49:17.730Z - normal: Simulator: 	gl.supports_OES_packed_depth_stencil: false
2019-07-25T07:49:17.730Z - normal: Simulator: 	gl.version: 2.1 INTEL-12.9.22
2019-07-25T07:49:17.730Z - normal: Simulator: 	gl.supports_S3TC: true
2019-07-25T07:49:17.730Z - normal: Simulator: 	compiled_with_profiler: false
2019-07-25T07:49:17.730Z - normal: Simulator: 	gl.supports_OES_depth24: false
2019-07-25T07:49:17.730Z - normal: Simulator: }
2019-07-25T07:49:17.772Z - normal: Simulator: Project Config:
2019-07-25T07:49:17.772Z - normal: Simulator:     project dir: /Applications/CocosCreator.app/Contents/Resources/cocos2d-x/simulator/mac/Simulator.app/Contents/Resources/
2019-07-25T07:49:17.772Z - normal: Simulator:     writable path: $(PROJDIR)/
2019-07-25T07:49:17.772Z - normal: Simulator:     script file: $(PROJDIR)/main.js
2019-07-25T07:49:17.773Z - normal: Simulator:     frame size: 1920 x 1080
2019-07-25T07:49:17.773Z - normal: Simulator:     frame scale: 0.75
2019-07-25T07:49:17.773Z - normal: Simulator:     show console: NO
2019-07-25T07:49:17.773Z - normal: Simulator:     write debug log: NO ()
2019-07-25T07:49:17.773Z - normal: Simulator:     listen: 
2019-07-25T07:49:17.774Z - normal: Simulator:     debugger: none
2019-07-25T07:49:17.774Z - normal: Simulator:     add searching path:
2019-07-25T07:49:17.774Z - normal: Simulator: resetDesignResolution request
2019-07-25T07:49:17.774Z - normal: Simulator: ------------------------------------------------
2019-07-25T07:49:17.774Z - normal: Simulator: LOAD Js FILE: jsb-adapter/jsb-builtin.js
2019-07-25T07:49:17.774Z - normal: Simulator: ------------------------------------------------
2019-07-25T07:49:17.775Z - normal: Simulator: Initializing V8, version: 6.5.254.43
2019-07-25T07:49:17.775Z - normal: Simulator: libuv version: 1.23.1-dev
2019-07-25T07:49:17.775Z - normal: Simulator: Debugger listening..., visit [ chrome-devtools://devtools/bundled/inspector.html?v8only=true&ws=0.0.0.0:5086/00010002-0003-4004-8005-000600070008 ] in chrome browser to debug!
2019-07-25T07:49:17.775Z - normal: Simulator: For help see https://nodejs.org/en/docs/inspector
2019-07-25T07:49:17.810Z - normal: Simulator: JS: Enable batch GL commands optimization!
2019-07-25T07:49:17.810Z - normal: Simulator: resetDesignResolution request
2019-07-25T07:49:17.811Z - normal: Simulator: ------------------------------------------------
2019-07-25T07:49:17.811Z - normal: Simulator: LOAD Js FILE: main.js
2019-07-25T07:49:17.811Z - normal: Simulator: ------------------------------------------------
2019-07-25T07:49:18.060Z - normal: Simulator: iShow!
2019-07-25T07:49:18.221Z - normal: Simulator: glGetIntegerv: pname: 0x8b4c
2019-07-25T07:49:18.229Z - normal: Simulator: JS: Cocos Creator v2.0.10
2019-07-25T07:49:27.826Z - normal: Simulator: ScriptEngine::cleanup begin ...
2019-07-25T07:49:27.828Z - normal: Simulator: GC begin ..., (js->native map) size: 20, all objects: 99
2019-07-25T07:49:27.851Z - normal: Simulator: GC end ..., (js->native map) size: 20, all objects: 99
2019-07-25T07:49:27.852Z - normal: Simulator: GC begin ..., (js->native map) size: 20, all objects: 99
2019-07-25T07:49:27.873Z - normal: Simulator: GC end ..., (js->native map) size: 20, all objects: 99
2019-07-25T07:49:27.873Z - normal: Simulator: Destroy WebGLTexture (5) by GC
2019-07-25T07:49:27.883Z - normal: Simulator: Destroy WebGLProgram (3) by GC
2019-07-25T07:49:27.884Z - normal: Simulator: Destroy WebGLBuffer (4) by GC
2019-07-25T07:49:27.884Z - normal: Simulator: Destroy WebGLTexture (3) by GC
2019-07-25T07:49:27.884Z - normal: Simulator: Destroy WebGLTexture (1) by GC
2019-07-25T07:49:27.884Z - normal: Simulator: Destroy WebGLBuffer (3) by GC
2019-07-25T07:49:27.884Z - normal: Simulator: Destroy WebGLBuffer (2) by GC
2019-07-25T07:49:27.885Z - normal: Simulator: Destroy WebGLBuffer (1) by GC
2019-07-25T07:49:27.885Z - normal: Simulator: Destroy WebGLTexture (2) by GC
2019-07-25T07:49:27.886Z - normal: Simulator: Destroy WebGLTexture (4) by GC
2019-07-25T07:49:27.886Z - normal: Simulator: GC begin ..., (js->native map) size: 0, all objects: 0
2019-07-25T07:49:27.903Z - normal: Simulator: GC end ..., (js->native map) size: 0, all objects: 0
2019-07-25T07:49:27.904Z - normal: Simulator: ScriptEngine::cleanup end ...
2019-07-25T07:50:33.511Z - normal: Simulator: WORKAREA WIDTH 1920.00, HEIGHT 966.00
2019-07-25T07:50:33.511Z - normal: Simulator: FRAME SCALE = 0.75
2019-07-25T07:50:33.591Z - normal: Simulator: GLFWError #65544 Happen, Cocoa: Failed to retrieve display name
2019-07-25T07:50:33.591Z - normal: Simulator: GLFWError #65544 Happen, Cocoa: Failed to retrieve display name
2019-07-25T07:50:33.620Z - normal: Simulator: 
2019-07-25T07:50:33.620Z - normal: Simulator: {
2019-07-25T07:50:33.621Z - normal: Simulator: 	build_type: DEBUG
2019-07-25T07:50:33.621Z - normal: Simulator: 	gl.vendor: Intel Inc.
2019-07-25T07:50:33.621Z - normal: Simulator: 	gl.supports_PVRTC: false
2019-07-25T07:50:33.621Z - normal: Simulator: 	gl.renderer: Intel(R) Iris(TM) Plus Graphics 655
2019-07-25T07:50:33.621Z - normal: Simulator: 	gl.supports_ATITC: false
2019-07-25T07:50:33.621Z - normal: Simulator: 	gl.supports_discard_framebuffer: false
2019-07-25T07:50:33.621Z - normal: Simulator: 	gl.supports_NPOT: true
2019-07-25T07:50:33.622Z - normal: Simulator: 	gl.max_texture_units: 16
2019-07-25T07:50:33.622Z - normal: Simulator: 	gl.supports_ETC1: false
2019-07-25T07:50:33.622Z - normal: Simulator: 	gl.max_texture_size: 16384
2019-07-25T07:50:33.622Z - normal: Simulator: 	gl.supports_BGRA8888: false
2019-07-25T07:50:33.622Z - normal: Simulator: 	gl.supports_vertex_array_object: true
2019-07-25T07:50:33.622Z - normal: Simulator: 	gl.supports_OES_map_buffer: false
2019-07-25T07:50:33.623Z - normal: Simulator: 	compiled_with_gl_state_cache: true
2019-07-25T07:50:33.623Z - normal: Simulator: 	gl.supports_OES_packed_depth_stencil: false
2019-07-25T07:50:33.623Z - normal: Simulator: 	gl.version: 2.1 INTEL-12.9.22
2019-07-25T07:50:33.623Z - normal: Simulator: 	gl.supports_S3TC: true
2019-07-25T07:50:33.623Z - normal: Simulator: 	compiled_with_profiler: false
2019-07-25T07:50:33.624Z - normal: Simulator: 	gl.supports_OES_depth24: false
2019-07-25T07:50:33.624Z - normal: Simulator: }
2019-07-25T07:50:33.651Z - normal: Simulator: Project Config:
2019-07-25T07:50:33.651Z - normal: Simulator:     project dir: /Applications/CocosCreator.app/Contents/Resources/cocos2d-x/simulator/mac/Simulator.app/Contents/Resources/
2019-07-25T07:50:33.651Z - normal: Simulator:     writable path: $(PROJDIR)/
2019-07-25T07:50:33.652Z - normal: Simulator:     script file: $(PROJDIR)/main.js
2019-07-25T07:50:33.652Z - normal: Simulator:     frame size: 1920 x 1080
2019-07-25T07:50:33.653Z - normal: Simulator:     frame scale: 0.75
2019-07-25T07:50:33.653Z - normal: Simulator:     show console: NO
2019-07-25T07:50:33.653Z - normal: Simulator:     write debug log: NO ()
2019-07-25T07:50:33.653Z - normal: Simulator:     listen: 
2019-07-25T07:50:33.653Z - normal: Simulator:     debugger: none
2019-07-25T07:50:33.653Z - normal: Simulator:     add searching path:
2019-07-25T07:50:33.654Z - normal: Simulator: resetDesignResolution request
2019-07-25T07:50:33.654Z - normal: Simulator: ------------------------------------------------
2019-07-25T07:50:33.654Z - normal: Simulator: LOAD Js FILE: jsb-adapter/jsb-builtin.js
2019-07-25T07:50:33.654Z - normal: Simulator: ------------------------------------------------
2019-07-25T07:50:33.654Z - normal: Simulator: Initializing V8, version: 6.5.254.43
2019-07-25T07:50:33.655Z - normal: Simulator: libuv version: 1.23.1-dev
2019-07-25T07:50:33.655Z - normal: Simulator: Debugger listening..., visit [ chrome-devtools://devtools/bundled/inspector.html?v8only=true&ws=0.0.0.0:5086/00010002-0003-4004-8005-000600070008 ] in chrome browser to debug!
2019-07-25T07:50:33.655Z - normal: Simulator: For help see https://nodejs.org/en/docs/inspector
2019-07-25T07:50:33.688Z - normal: Simulator: JS: Enable batch GL commands optimization!
2019-07-25T07:50:33.688Z - normal: Simulator: resetDesignResolution request
2019-07-25T07:50:33.688Z - normal: Simulator: ------------------------------------------------
2019-07-25T07:50:33.689Z - normal: Simulator: LOAD Js FILE: main.js
2019-07-25T07:50:33.689Z - normal: Simulator: ------------------------------------------------
2019-07-25T07:50:33.954Z - normal: Simulator: iShow!
2019-07-25T07:50:34.108Z - normal: Simulator: glGetIntegerv: pname: 0x8b4c
2019-07-25T07:50:34.115Z - normal: Simulator: JS: Cocos Creator v2.0.10
2019-07-25T07:50:35.147Z - normal: Simulator: JS: 1234
2019-07-25T07:50:35.949Z - normal: Simulator: JS: 1234
2019-07-25T07:50:36.553Z - normal: Simulator: JS: 1234
2019-07-25T07:50:37.021Z - normal: Simulator: JS: 1234
2019-07-25T07:50:37.340Z - normal: Simulator: JS: 1234
2019-07-25T07:50:37.696Z - normal: Simulator: JS: 1234
2019-07-25T07:50:37.977Z - normal: Simulator: JS: 1234
2019-07-25T07:50:39.011Z - normal: Simulator: JS: 1234
2019-07-25T07:50:39.445Z - normal: Simulator: JS: 1234
2019-07-25T07:50:43.500Z - normal: Simulator: ScriptEngine::cleanup begin ...
2019-07-25T07:50:43.501Z - normal: Simulator: GC begin ..., (js->native map) size: 20, all objects: 99
2019-07-25T07:50:43.526Z - normal: Simulator: GC end ..., (js->native map) size: 20, all objects: 99
2019-07-25T07:50:43.527Z - normal: Simulator: GC begin ..., (js->native map) size: 20, all objects: 99
2019-07-25T07:50:43.548Z - normal: Simulator: GC end ..., (js->native map) size: 20, all objects: 99
2019-07-25T07:50:43.549Z - normal: Simulator: Destroy WebGLProgram (3) by GC
2019-07-25T07:50:43.549Z - normal: Simulator: Destroy WebGLTexture (4) by GC
2019-07-25T07:50:43.549Z - normal: Simulator: Destroy WebGLTexture (2) by GC
2019-07-25T07:50:43.552Z - normal: Simulator: Destroy WebGLTexture (1) by GC
2019-07-25T07:50:43.552Z - normal: Simulator: Destroy WebGLBuffer (3) by GC
2019-07-25T07:50:43.552Z - normal: Simulator: Destroy WebGLBuffer (4) by GC
2019-07-25T07:50:43.553Z - normal: Simulator: Destroy WebGLTexture (3) by GC
2019-07-25T07:50:43.553Z - normal: Simulator: Destroy WebGLBuffer (2) by GC
2019-07-25T07:50:43.553Z - normal: Simulator: Destroy WebGLTexture (5) by GC
2019-07-25T07:50:43.553Z - normal: Simulator: Destroy WebGLBuffer (1) by GC
2019-07-25T07:50:43.553Z - normal: Simulator: GC begin ..., (js->native map) size: 0, all objects: 0
2019-07-25T07:50:43.576Z - normal: Simulator: GC end ..., (js->native map) size: 0, all objects: 0
2019-07-25T07:50:43.576Z - normal: Simulator: ScriptEngine::cleanup end ...
2019-07-25T07:53:31.262Z - normal: Start building with options : {
  "actualPlatform": "wechatgame",
  "android-instant": {
    "REMOTE_SERVER_ROOT": "",
    "host": "",
    "pathPattern": "",
    "recordPath": "",
    "scheme": "https",
    "skipRecord": false
  },
  "apiLevel": "",
  "appABIs": [],
  "appBundle": false,
  "baidugame": {
    "REMOTE_SERVER_ROOT": "",
    "appid": "testappid",
    "orientation": "portrait",
    "subContext": ""
  },
  "buildPath": "/Users/vincent/code/GoldMiner/GoldMinder/build",
  "debug": false,
  "dest": "/Users/vincent/code/GoldMiner/GoldMinder/build/wechatgame",
  "embedWebDebugger": false,
  "encryptJs": true,
  "excludeScenes": [],
  "excludedModules": [],
  "fb-instant-games": {},
  "includeSDKBox": false,
  "inlineSpriteFrames": true,
  "inlineSpriteFrames_native": true,
  "md5Cache": true,
  "mergeStartScene": false,
  "optimizeHotUpdate": false,
  "orientation": {
    "landscapeLeft": true,
    "landscapeRight": true,
    "portrait": false,
    "upsideDown": false
  },
  "packageName": "org.cocos2d.GoldMiner",
  "platform": "wechatgame",
  "previewHeight": "720",
  "previewWidth": "1280",
  "qqplay": {
    "REMOTE_SERVER_ROOT": "",
    "orientation": "portrait",
    "zip": false
  },
  "scenes": [
    "c86bc7a5-ef98-4481-94b5-f1123d78749f",
    "873b99e6-309d-4d86-af57-c10a1f967080",
    "8a90e415-b26e-47d2-a4c0-a6021c0c1d84",
    "ffb70ef1-991b-4c55-bf0a-12763b657c47",
    "dd826901-d60f-437a-81d8-aba3756d45c8",
    "1f086e9a-44a0-4969-9f4d-5a97061892c2",
    "aa95d830-ad14-4a48-86c8-dc4263001be3",
    "009de718-30fe-4deb-a729-a05aab6525f9",
    "5b096439-58c4-4cf8-b8a9-8625e1d3101d",
    "dfc016d6-1287-4c20-a7aa-38512e4ed1c1",
    "001a278f-e556-471e-b288-70833c05c3bc",
    "186ded98-7bc2-4102-a47b-fa9c863a9489",
    "991f5506-c7db-4853-b991-6dc1e6e2a091",
    "59334db5-9391-4ff9-bf48-0abe670d58ca",
    "c4c357e2-3461-4c07-aa5c-f3fe4914a4d1",
    "5e3b6d1f-adda-49ad-9718-67ddda578fb8"
  ],
  "sourceMaps": false,
  "startScene": "c86bc7a5-ef98-4481-94b5-f1123d78749f",
  "template": "link",
  "title": "GoldMiner",
  "useDebugKeystore": true,
  "vsVersion": "auto",
  "webOrientation": "auto",
  "wechatgame": {
    "REMOTE_SERVER_ROOT": "",
    "appid": "wx3839d1aa1c54d567",
    "orientation": "landscapeRight",
    "separate_engine": false,
    "subContext": "subdomain"
  },
  "xxteaKey": "b4afd356-9b81-48",
  "zipCompressJs": true,
  "project": "/Users/vincent/code/GoldMiner/GoldMinder",
  "projectName": "GoldMiner",
  "debugBuildWorker": false
}
2019-07-25T07:53:31.265Z - normal: Building /Users/vincent/code/GoldMiner/GoldMinder
2019-07-25T07:53:31.265Z - normal: Destination /Users/vincent/code/GoldMiner/GoldMinder/build/wechatgame
2019-07-25T07:53:31.267Z - normal: Delete /Users/vincent/code/GoldMiner/GoldMinder/build/wechatgame/subpackages/**/*,/Users/vincent/code/GoldMiner/GoldMinder/build/wechatgame/**/*,!/Users/vincent/code/GoldMiner/GoldMinder/build/wechatgame/subdomain,!/Users/vincent/code/GoldMiner/GoldMinder/build/wechatgame/subdomain/**/*
2019-07-25T07:53:33.196Z - normal: Start building assets
2019-07-25T07:53:33.196Z - normal: Start spawn build-worker
2019-07-25T07:53:33.712Z - normal: Finish spawn build-worker
2019-07-25T07:53:33.712Z - normal: Start init build-worker
2019-07-25T07:53:36.190Z - normal: Finish init build-worker
2019-07-25T07:53:36.190Z - normal: Start build-assets in worker
2019-07-25T07:53:36.712Z - normal: Finish build-assets in worker
2019-07-25T07:53:36.714Z - normal: Finish building assets
2019-07-25T07:53:36.728Z - normal: Start building plugin scripts
2019-07-25T07:53:36.763Z - normal: Generating main.js from /Applications/CocosCreator.app/Contents/Resources/static/build-templates/shares/main.js
2019-07-25T07:53:37.670Z - normal: Built to "/Users/vincent/code/GoldMiner/GoldMinder/build/wechatgame" successfully
2019-07-25T07:53:59.619Z - normal: Initializing...

2019-07-25T07:53:59.632Z - normal: idePortFile: /Users/vincent/Library/Application Support/微信开发者工具/Default/.ide

2019-07-25T07:53:59.650Z - normal: IDE server has started, listening on http://127.0.0.1:61726

2019-07-25T07:53:59.651Z - normal: initialization finished

2019-07-25T07:54:00.239Z - normal: open IDE success

2019-07-25T07:55:37.834Z - normal: Start building with options : {
  "actualPlatform": "wechatgame",
  "android-instant": {
    "REMOTE_SERVER_ROOT": "",
    "host": "",
    "pathPattern": "",
    "recordPath": "",
    "scheme": "https",
    "skipRecord": false
  },
  "apiLevel": "",
  "appABIs": [],
  "appBundle": false,
  "baidugame": {
    "REMOTE_SERVER_ROOT": "",
    "appid": "testappid",
    "orientation": "portrait",
    "subContext": ""
  },
  "buildPath": "/Users/vincent/code/GoldMiner/GoldMinder/build",
  "debug": false,
  "dest": "/Users/vincent/code/GoldMiner/GoldMinder/build/wechatgame",
  "embedWebDebugger": false,
  "encryptJs": true,
  "excludeScenes": [],
  "excludedModules": [],
  "fb-instant-games": {},
  "includeSDKBox": false,
  "inlineSpriteFrames": true,
  "inlineSpriteFrames_native": true,
  "md5Cache": true,
  "mergeStartScene": false,
  "optimizeHotUpdate": false,
  "orientation": {
    "landscapeLeft": true,
    "landscapeRight": true,
    "portrait": false,
    "upsideDown": false
  },
  "packageName": "org.cocos2d.GoldMiner",
  "platform": "wechatgame",
  "previewHeight": "720",
  "previewWidth": "1280",
  "qqplay": {
    "REMOTE_SERVER_ROOT": "",
    "orientation": "portrait",
    "zip": false
  },
  "scenes": [
    "c86bc7a5-ef98-4481-94b5-f1123d78749f",
    "873b99e6-309d-4d86-af57-c10a1f967080",
    "8a90e415-b26e-47d2-a4c0-a6021c0c1d84",
    "ffb70ef1-991b-4c55-bf0a-12763b657c47",
    "dd826901-d60f-437a-81d8-aba3756d45c8",
    "1f086e9a-44a0-4969-9f4d-5a97061892c2",
    "aa95d830-ad14-4a48-86c8-dc4263001be3",
    "009de718-30fe-4deb-a729-a05aab6525f9",
    "5b096439-58c4-4cf8-b8a9-8625e1d3101d",
    "dfc016d6-1287-4c20-a7aa-38512e4ed1c1",
    "001a278f-e556-471e-b288-70833c05c3bc",
    "186ded98-7bc2-4102-a47b-fa9c863a9489",
    "991f5506-c7db-4853-b991-6dc1e6e2a091",
    "59334db5-9391-4ff9-bf48-0abe670d58ca",
    "c4c357e2-3461-4c07-aa5c-f3fe4914a4d1",
    "5e3b6d1f-adda-49ad-9718-67ddda578fb8"
  ],
  "sourceMaps": false,
  "startScene": "c86bc7a5-ef98-4481-94b5-f1123d78749f",
  "template": "link",
  "title": "GoldMiner",
  "useDebugKeystore": true,
  "vsVersion": "auto",
  "webOrientation": "auto",
  "wechatgame": {
    "REMOTE_SERVER_ROOT": "",
    "appid": "wx3839d1aa1c54d567",
    "orientation": "landscapeRight",
    "separate_engine": false,
    "subContext": "subdomain"
  },
  "xxteaKey": "b4afd356-9b81-48",
  "zipCompressJs": true,
  "project": "/Users/vincent/code/GoldMiner/GoldMinder",
  "projectName": "GoldMiner",
  "debugBuildWorker": false
}
2019-07-25T07:55:37.838Z - normal: Building /Users/vincent/code/GoldMiner/GoldMinder
2019-07-25T07:55:37.838Z - normal: Destination /Users/vincent/code/GoldMiner/GoldMinder/build/wechatgame
2019-07-25T07:55:37.839Z - normal: Delete /Users/vincent/code/GoldMiner/GoldMinder/build/wechatgame/subpackages/**/*,/Users/vincent/code/GoldMiner/GoldMinder/build/wechatgame/**/*,!/Users/vincent/code/GoldMiner/GoldMinder/build/wechatgame/subdomain,!/Users/vincent/code/GoldMiner/GoldMinder/build/wechatgame/subdomain/**/*
2019-07-25T07:55:39.689Z - normal: Start building assets
2019-07-25T07:55:39.690Z - normal: Start spawn build-worker
2019-07-25T07:55:40.198Z - normal: Finish spawn build-worker
2019-07-25T07:55:40.198Z - normal: Start init build-worker
2019-07-25T07:55:42.411Z - normal: Finish init build-worker
2019-07-25T07:55:42.411Z - normal: Start build-assets in worker
2019-07-25T07:55:42.875Z - normal: Finish build-assets in worker
2019-07-25T07:55:42.877Z - normal: Finish building assets
2019-07-25T07:55:42.889Z - normal: Start building plugin scripts
2019-07-25T07:55:42.925Z - normal: Generating main.js from /Applications/CocosCreator.app/Contents/Resources/static/build-templates/shares/main.js
2019-07-25T07:55:43.871Z - normal: Built to "/Users/vincent/code/GoldMiner/GoldMinder/build/wechatgame" successfully
2019-07-25T07:55:45.179Z - normal: Initializing...

2019-07-25T07:55:45.189Z - normal: idePortFile: /Users/vincent/Library/Application Support/微信开发者工具/Default/.ide

2019-07-25T07:55:45.205Z - normal: IDE server has started, listening on http://127.0.0.1:61726

2019-07-25T07:55:45.205Z - normal: initialization finished

2019-07-25T07:55:45.767Z - normal: open IDE success

2019-07-25T08:05:58.462Z - normal: Start building with options : {
  "actualPlatform": "wechatgame",
  "android-instant": {
    "REMOTE_SERVER_ROOT": "",
    "host": "",
    "pathPattern": "",
    "recordPath": "",
    "scheme": "https",
    "skipRecord": false
  },
  "apiLevel": "",
  "appABIs": [],
  "appBundle": false,
  "baidugame": {
    "REMOTE_SERVER_ROOT": "",
    "appid": "testappid",
    "orientation": "portrait",
    "subContext": ""
  },
  "buildPath": "/Users/vincent/code/GoldMiner/GoldMinder/build",
  "debug": false,
  "dest": "/Users/vincent/code/GoldMiner/GoldMinder/build/wechatgame",
  "embedWebDebugger": false,
  "encryptJs": true,
  "excludeScenes": [],
  "excludedModules": [],
  "fb-instant-games": {},
  "includeSDKBox": false,
  "inlineSpriteFrames": true,
  "inlineSpriteFrames_native": true,
  "md5Cache": true,
  "mergeStartScene": false,
  "optimizeHotUpdate": false,
  "orientation": {
    "landscapeLeft": true,
    "landscapeRight": true,
    "portrait": false,
    "upsideDown": false
  },
  "packageName": "org.cocos2d.GoldMiner",
  "platform": "wechatgame",
  "previewHeight": "720",
  "previewWidth": "1280",
  "qqplay": {
    "REMOTE_SERVER_ROOT": "",
    "orientation": "portrait",
    "zip": false
  },
  "scenes": [
    "c86bc7a5-ef98-4481-94b5-f1123d78749f",
    "873b99e6-309d-4d86-af57-c10a1f967080",
    "8a90e415-b26e-47d2-a4c0-a6021c0c1d84",
    "ffb70ef1-991b-4c55-bf0a-12763b657c47",
    "dd826901-d60f-437a-81d8-aba3756d45c8",
    "1f086e9a-44a0-4969-9f4d-5a97061892c2",
    "aa95d830-ad14-4a48-86c8-dc4263001be3",
    "009de718-30fe-4deb-a729-a05aab6525f9",
    "5b096439-58c4-4cf8-b8a9-8625e1d3101d",
    "dfc016d6-1287-4c20-a7aa-38512e4ed1c1",
    "001a278f-e556-471e-b288-70833c05c3bc",
    "186ded98-7bc2-4102-a47b-fa9c863a9489",
    "991f5506-c7db-4853-b991-6dc1e6e2a091",
    "59334db5-9391-4ff9-bf48-0abe670d58ca",
    "c4c357e2-3461-4c07-aa5c-f3fe4914a4d1",
    "5e3b6d1f-adda-49ad-9718-67ddda578fb8"
  ],
  "sourceMaps": false,
  "startScene": "c86bc7a5-ef98-4481-94b5-f1123d78749f",
  "template": "link",
  "title": "GoldMiner",
  "useDebugKeystore": true,
  "vsVersion": "auto",
  "webOrientation": "auto",
  "wechatgame": {
    "REMOTE_SERVER_ROOT": "",
    "appid": "wx3839d1aa1c54d567",
    "orientation": "landscapeRight",
    "separate_engine": false,
    "subContext": "subdomain"
  },
  "xxteaKey": "b4afd356-9b81-48",
  "zipCompressJs": true,
  "project": "/Users/vincent/code/GoldMiner/GoldMinder",
  "projectName": "GoldMiner",
  "debugBuildWorker": false
}
2019-07-25T08:05:58.465Z - normal: Building /Users/vincent/code/GoldMiner/GoldMinder
2019-07-25T08:05:58.465Z - normal: Destination /Users/vincent/code/GoldMiner/GoldMinder/build/wechatgame
2019-07-25T08:05:58.466Z - normal: Delete /Users/vincent/code/GoldMiner/GoldMinder/build/wechatgame/subpackages/**/*,/Users/vincent/code/GoldMiner/GoldMinder/build/wechatgame/**/*,!/Users/vincent/code/GoldMiner/GoldMinder/build/wechatgame/subdomain,!/Users/vincent/code/GoldMiner/GoldMinder/build/wechatgame/subdomain/**/*
2019-07-25T08:06:00.337Z - normal: Start building assets
2019-07-25T08:06:00.338Z - normal: Start spawn build-worker
2019-07-25T08:06:00.853Z - normal: Finish spawn build-worker
2019-07-25T08:06:00.853Z - normal: Start init build-worker
2019-07-25T08:06:03.295Z - normal: Finish init build-worker
2019-07-25T08:06:03.295Z - normal: Start build-assets in worker
2019-07-25T08:06:03.789Z - normal: Finish build-assets in worker
2019-07-25T08:06:03.792Z - normal: Finish building assets
2019-07-25T08:06:03.807Z - normal: Start building plugin scripts
2019-07-25T08:06:03.845Z - normal: Generating main.js from /Applications/CocosCreator.app/Contents/Resources/static/build-templates/shares/main.js
2019-07-25T08:06:04.796Z - normal: Built to "/Users/vincent/code/GoldMiner/GoldMinder/build/wechatgame" successfully
2019-07-25T08:06:07.840Z - normal: Initializing...

2019-07-25T08:06:07.850Z - normal: idePortFile: /Users/vincent/Library/Application Support/微信开发者工具/Default/.ide

2019-07-25T08:06:07.867Z - normal: IDE server has started, listening on http://127.0.0.1:61726

2019-07-25T08:06:07.867Z - normal: initialization finished

2019-07-25T08:06:08.499Z - normal: open IDE success

