2019-07-25T07:19:06.152Z - normal: Load ~/.CocosCreator/settings.json
2019-07-25T07:19:06.196Z - normal: Initializing Asset Database
2019-07-25T07:19:06.198Z - normal: checking language setting...
2019-07-25T07:19:06.198Z - normal: Language: zh
2019-07-25T07:19:06.724Z - success: preview server running at http://localhost:7456
2019-07-25T07:19:06.748Z - success: protocol editor-framework registered
2019-07-25T07:19:06.748Z - success: protocol app registered
2019-07-25T07:19:06.748Z - success: protocol theme registered
2019-07-25T07:19:06.748Z - success: protocol packages registered
2019-07-25T07:19:06.752Z - success: protocol uuid registerred
2019-07-25T07:19:06.752Z - success: protocol db registerred
2019-07-25T07:19:06.752Z - success: protocol thumbnail registerred
2019-07-25T07:19:06.752Z - success: protocol unpack registerred
2019-07-25T07:19:06.752Z - success: protocol disable-commonjs registerred
2019-07-25T07:19:06.852Z - normal: connected!
2019-07-25T07:19:06.853Z - normal: Check project /Users/vincent/code/GoldMiner
2019-07-25T07:19:06.854Z - normal: Initializing project /Users/vincent/code/GoldMiner
2019-07-25T07:19:07.129Z - normal: Initializing Cocos2d
2019-07-25T07:19:07.694Z - normal: Initializing engine extends
2019-07-25T07:19:07.724Z - success: asset-db-debugger loaded
2019-07-25T07:19:07.725Z - success: baidu-adapter loaded
2019-07-25T07:19:07.726Z - success: color-picker loaded
2019-07-25T07:19:07.791Z - success: fb-audience-network loaded
2019-07-25T07:19:07.822Z - success: fb-live-stream loaded
2019-07-25T07:19:07.824Z - success: google-play-instant loaded
2019-07-25T07:19:07.828Z - success: huawei-runtime loaded
2019-07-25T07:19:08.001Z - success: cpk-publish loaded
2019-07-25T07:19:08.002Z - success: jsb-adapter loaded
2019-07-25T07:19:08.005Z - success: oppo-runtime loaded
2019-07-25T07:19:08.008Z - success: package-manager loaded
2019-07-25T07:19:08.090Z - success: qqplay-adapter loaded
2019-07-25T07:19:08.091Z - success: runtime-dev-tools loaded
2019-07-25T07:19:08.095Z - success: sdkbox loaded
2019-07-25T07:19:08.098Z - success: tester loaded
2019-07-25T07:19:08.102Z - success: ui-grid loaded
2019-07-25T07:19:08.104Z - success: ui-kit-preview-extra loaded
2019-07-25T07:19:08.107Z - success: ui-kit-preview loaded
2019-07-25T07:19:08.110Z - success: ui-kit loaded
2019-07-25T07:19:08.112Z - success: ui-tree loaded
2019-07-25T07:19:08.115Z - success: vivo-runtime loaded
2019-07-25T07:19:08.116Z - success: weapp-adapter loaded
2019-07-25T07:19:08.116Z - success: xiaomi-adapter loaded
2019-07-25T07:19:08.154Z - success: assets loaded
2019-07-25T07:19:08.156Z - success: builder loaded
2019-07-25T07:19:08.347Z - success: cocos-services loaded
2019-07-25T07:19:08.352Z - success: console loaded
2019-07-25T07:19:08.379Z - success: fb-instant-games loaded
2019-07-25T07:19:08.381Z - success: google-instant-games loaded
2019-07-25T07:19:08.385Z - success: hierarchy loaded
2019-07-25T07:19:08.388Z - success: inspector loaded
2019-07-25T07:19:08.389Z - success: keystore loaded
2019-07-25T07:19:08.393Z - success: node-library loaded
2019-07-25T07:19:08.395Z - success: package-asset loaded
2019-07-25T07:19:08.396Z - success: preferences loaded
2019-07-25T07:19:08.398Z - success: project-exporter loaded
2019-07-25T07:19:08.407Z - success: project-importer loaded
2019-07-25T07:19:08.411Z - success: project-settings loaded
2019-07-25T07:19:08.415Z - success: scene loaded
2019-07-25T07:19:08.416Z - success: simulator-debugger loaded
2019-07-25T07:19:08.417Z - success: sprite-editor loaded
2019-07-25T07:19:08.421Z - success: store loaded
2019-07-25T07:19:08.426Z - success: timeline loaded
2019-07-25T07:19:08.430Z - success: xiaomi-runtime loaded
2019-07-25T07:19:09.333Z - normal: Loading packages
2019-07-25T07:19:09.336Z - normal: Watching packages
2019-07-25T07:19:09.428Z - normal: Run Application
2019-07-25T07:19:09.885Z - info: Cocos Services load base data!
